2024-10-02 10:01:06,792 - INFO - Processing complete. Results saved in 'processed_media_data_economictimes.csv'
2024-10-02 10:03:38,036 - INFO - Processing complete. Results saved in 'processed_media_data_https://economictimes.csv'
2024-10-02 10:04:45,834 - INFO - Processing complete. Results saved in 'processed_media_data_https://economictimes.csv'
2024-10-02 10:05:06,075 - INFO - Processing complete. Results saved in 'processed_media_data_https://economictimes.csv'
2024-10-02 10:05:25,375 - INFO - Processing complete. Results saved in 'processed_media_data_https://economictimes.csv'
2024-10-02 10:14:28,061 - INFO - Processed Article: FM Nirmala Sitharaman's Budget 2024 outlines vision for Viksit Bharat from indiatimes.com
2024-10-02 10:14:30,559 - INFO - Processed Article: Get over LTCG tax shock! 9 booster dosages in Budget 2024 that will reward equity investors handsomely in the long run from indiatimes.com
2024-10-02 10:14:31,085 - INFO - Processed Article: Budget 2024 has nothing for middle class, says Congress MP as Lok Sabha takes up Finance Bill from indiatimes.com
2024-10-02 10:14:31,607 - INFO - Processed Article: Budget 2024 proposed 10% TDS on government bonds: You can still pay lower or zero TDS with this certificate from indiatimes.com
2024-10-02 10:14:32,025 - INFO - Processed Article: Changes in LTCG tax post Budget 2024: Higher tax rate with indexation benefits, grandfathering for ancestral properties being considered? from indiatimes.com
2024-10-02 10:14:32,576 - INFO - Processed Article: Budget 2024 adopts multifaceted approach to bolstering manufacturing sector from indiatimes.com
2024-10-02 10:14:36,009 - INFO - Processed Article: FM Nirmala Sitharaman speaks on the Union Budget 2024 in Rajya Sabha | Live from indiatimes.com
2024-10-02 10:14:36,613 - INFO - Processed Article: Breaking down Budget 2024 - Financial impacts on the common man from indiatimes.com
2024-10-02 10:14:36,941 - INFO - Processed Article: Budget 2024 three times UPA's last Budget in 2014: PM Narendra Modi at CII post-Budget conference from indiatimes.com
2024-10-02 10:14:39,566 - INFO - Processed Article: FM Nirmala Sitharaman speaks on the Union Budget 2024 in Lok Sabha | Live from indiatimes.com
2024-10-02 10:14:40,231 - INFO - Processed Article: Budget 2024 misses mark on comprehensive custom duty rationalisation, say experts from indiatimes.com
2024-10-02 10:14:41,059 - INFO - Processed Article: Gold import duty cut: Why Indians may not find buying gold from Dubai as attractive post Budget 2024 from indiatimes.com
2024-10-02 10:14:41,587 - INFO - Processed Article: Are NPS Vatsalya & hiked NPS deduction limit for private sector employees good moves from Budget 2024? Experts decode from indiatimes.com
2024-10-02 10:14:44,425 - INFO - Processed Article: Rahul Gandhi speaks on the Union Budget 2024 in Lok Sabha from indiatimes.com
2024-10-02 10:14:47,812 - INFO - Processed Article: Rahul Gandhi speaks on the Union Budget 2024 in Lok Sabha from indiatimes.com
2024-10-02 10:14:49,009 - INFO - Processed Article: Union Budget 2024: Industry experts analyze Union Budget 2024 in VED panel discussion from indiatimes.com
2024-10-02 10:14:49,478 - INFO - Processed Article: Budget 2024: Oppn's allegations of discrimination baseless, stems from frustration, says Union minister from indiatimes.com
2024-10-02 10:14:50,277 - INFO - Processed Article: Union Budget: Union Budget 2024 Empowers Tribals in Northeast India from indiatimes.com
2024-10-02 10:14:51,039 - INFO - Processed Article: ITC, HAL, UltraTech Cement among 37 stock picks from Sharekhan after Budget 2024 - Stock Picks from indiatimes.com
2024-10-02 10:14:51,520 - INFO - Processed Article: Union Budget 2024: 3 sectoral mutual funds in limelight. Should you invest? from indiatimes.com
2024-10-02 10:14:54,641 - INFO - Processed Article: Kapil Sibal on Budget 2024: 83% of India's youth unemployed, Govt has no clear plan for job crisis from indiatimes.com
2024-10-02 10:14:55,161 - INFO - Processed Article: Budget 2024: Industry leaders weigh in on India's path to growth and innovation from indiatimes.com
2024-10-02 10:14:55,642 - INFO - Processed Article: Railway Infrastructure Development: Bihar receives ₹1,132 crore for railway infrastructure development in Union Budget 2024-25 from indiatimes.com
2024-10-02 10:14:56,105 - INFO - Processed Article: Arunachal Pradesh: Arunachal Pradesh Budget 2024-25 Focuses on Human Resource, Infrastructure, and Economy from indiatimes.com
2024-10-02 10:14:56,556 - INFO - Processed Article: Modi Govt's Union Budget 2024 Prioritises Skill Development: Essential Skills and Learning Tips from indiatimes.com
2024-10-02 10:14:57,017 - INFO - Processed Article: Union Budget 2024: How to rejig your MF portfolio after change in tax structure from indiatimes.com
2024-10-02 10:14:57,535 - INFO - Processed Article: Jaya Bachchan takes a dig at the Union Budget 2024: 'Promises that are kept on paper will never be implemented' from indiatimes.com
2024-10-02 10:14:57,908 - INFO - Processed Article: Budget 2024: Most people will be better off even without indexation, FM Nirmala Sitharaman from indiatimes.com
2024-10-02 10:14:58,287 - INFO - Processed Article: Stock market today: BSE Sensex closes 280 points down; Nifty50 ends above 24,400 from indiatimes.com
2024-10-02 10:14:58,792 - INFO - Processed Article: Budget 2024: Seventh speech, 71 rounds of applause from indiatimes.com
2024-10-02 10:14:59,217 - INFO - Processed Article: Union Budget 2024: Govt focus on development of border villages continues; Rs 1050 cr allocated for Vibrant Villages Programme from indiatimes.com
2024-10-02 10:14:59,740 - INFO - Processed Article: Budget 2024: Cancer patients get relief but senior citizens missed the attention from indiatimes.com
2024-10-02 10:15:02,951 - INFO - Processed Article: Budget 2024: INDIA bloc leaders hold protest against Modi govt at Parliament premises from indiatimes.com
2024-10-02 10:15:03,640 - INFO - Processed Article: Budget: Union Budget 2024-25: Focus on Infrastructure, Employment, and Skilling from indiatimes.com
2024-10-02 10:15:04,218 - INFO - Processed Article: Budget 2024: BJP’s poll promise but no mention of 70+ health cover from indiatimes.com
2024-10-02 10:15:04,669 - INFO - Processed Article: Union Budget 2024: UKIBC welcomes corporate tax cut for foreign companies from 40 PC to 35 pc from indiatimes.com
2024-10-02 10:15:08,961 - INFO - Processed Article: What is 'Angel tax' that was scrapped in Union Budget 2024 from indiatimes.com
2024-10-02 10:15:09,989 - INFO - Processed Article: Budget Allocation: Chandigarh Union Budget 2024-2025: Spending Power Unleashed, No Change in Size from indiatimes.com
2024-10-02 10:15:10,627 - INFO - Processed Article: Budget 2024: Onion traders upset as Budget stays silent on scrapping MEP from indiatimes.com
2024-10-02 10:15:11,352 - INFO - Processed Article: Budget 2024: Realty, banks, defence among 9 sectors that appear short term losers. Here's why from indiatimes.com
2024-10-02 10:15:12,132 - INFO - Processed Article: Budget 2024: Which MSME schemes got more money and which ones have lost out from indiatimes.com
2024-10-02 10:15:15,285 - INFO - Processed Article: P Chidambaram says Budget 2024 'copied' from Congress manifesto - The Economic Times Video from indiatimes.com
2024-10-02 10:15:15,784 - INFO - Processed Article: Budget 2024: Key expectations and impact on mutual funds from indiatimes.com
2024-10-02 10:15:16,375 - INFO - Processed Article: Budget 2024: Understanding the bahi-khata and why Nirmala Sitharaman replaced the traditional briefcase from indiatimes.com
2024-10-02 10:15:18,031 - INFO - Processed Article: Budget 2024: FM Sitharaman lays out Modi 3.0's nine priorities for Viksit Bharat from indiatimes.com
2024-10-02 10:15:18,797 - INFO - Processed Article: Budget 2024: The time limit for which income tax reassessment can be done is reduced from indiatimes.com
2024-10-02 10:15:19,221 - INFO - Processed Article: Budget 2024: Rs 2.19 lakh crore to home ministry; majority for central police forces from indiatimes.com
2024-10-02 10:15:19,684 - INFO - Processed Article: Budget 2024: Government to formulate economic policy framework for next generation of reforms from indiatimes.com
2024-10-02 10:15:20,457 - INFO - Processed Article: Budget 2024: Housing Finance stocks in focus after Rs 10 lakh crore allocation from indiatimes.com
2024-10-02 10:15:21,249 - INFO - Processed Article: Union Budget: Union Budget 2024: Expectations for Railway Station Expansion and Farmers' Welfare in Old Mysuru Region from indiatimes.com
2024-10-02 10:15:21,667 - INFO - Processed Article: Budget 2024: Finance Minister Nirmala Sitharaman proposes TDS rate reduction on e-commerce operators from indiatimes.com
2024-10-02 10:15:23,057 - INFO - Processed Article: Income Tax Slab Changes Budget 2024 Highlights: Decoding changes in income tax slabs, standard deduction, capital gains tax, NPS in Budget 2024 from indiatimes.com
2024-10-02 10:15:24,861 - INFO - Processed Article: Budget 2024: Nuclear energy to drive India’s Viksit Bharat's new power mix from indiatimes.com
2024-10-02 10:15:25,277 - INFO - Processed Article: Budget 2024: Basic customs duty on mobile phones and chargers reduced to 15% from indiatimes.com
2024-10-02 10:15:25,987 - INFO - Processed Article: Budget 2024 highlights: Three new employment-linked incentive schemes launched with Rs 2 lakh crore allocation from indiatimes.com
2024-10-02 10:15:26,658 - INFO - Processed Article: Budget 2024: From skilling to logistics, industry expects significant announcements from FM from indiatimes.com
2024-10-02 10:15:29,816 - INFO - Processed Article: Budget 2024 Highlights Updates: Nirmala Sitharaman lists 9 developmental priorities in 83-minute Budget speech from indiatimes.com
2024-10-02 10:15:30,682 - INFO - Processed Article: Budget 2024 speech duration: A historic journey from longest to shortest speeches in India's budget history from indiatimes.com
2024-10-02 10:15:31,267 - INFO - Processed Article: What does Union Budget bring to Auto Inc's table: Industry reactions on Budget 2024 from indiatimes.com
2024-10-02 10:15:31,753 - INFO - Processed Article: 'Glad to know': P Chidambaram says Modi government's Budget 2024 'copied' from Congress manifesto from indiatimes.com
2024-10-02 10:15:34,721 - INFO - Processed Article: PM Modi hails Budget 2024; says it will empower middle class, women, poor and farmers from indiatimes.com
2024-10-02 10:15:36,706 - INFO - Processed Article: Budget 2024: Industry calls focus on clean energy ‘pragmatic’, ‘progressive’ from indiatimes.com
2024-10-02 10:15:37,074 - INFO - Processed Article: Nirmala Sitharaman opts for white and magenta saree for Budget 2024 presentation from indiatimes.com
2024-10-02 10:15:38,822 - INFO - Processed Article: Budget 2024-25: Watch video of President Droupadi Murmu giving 'dahi cheeni' blessings to Nirmala Sitharaman from indiatimes.com
2024-10-02 10:15:39,370 - INFO - Processed Article: 'Kursi bachao budget': TMC MP Kalyan Banerjee slams BJP on allocations for Bihar, Andhra Pradesh in Budget 2024 from indiatimes.com
2024-10-02 10:15:39,950 - INFO - Processed Article: Budget 2024: Sitharaman announces plan for Viksit Bharat; a look at key numbers from indiatimes.com
2024-10-02 10:15:40,489 - INFO - Processed Article: Finance Minister Nirmala Sitharaman in the Union Budget 2024 speech: "We have successfully used technology for..." from indiatimes.com
2024-10-02 10:15:41,309 - INFO - Processed Article: Budget 2024: Transit oriented development, stamp duty reduction to boost housing sale from indiatimes.com
2024-10-02 10:15:41,727 - INFO - Processed Article: Budget 2024: Top executives of leading consumer durables manufacturers share their views from indiatimes.com
2024-10-02 10:15:42,248 - INFO - Processed Article: Budget 2024: New income tax slabs, capital gains tax, key tax changes that impact salaried, other taxpayers from indiatimes.com
2024-10-02 10:15:42,874 - INFO - Processed Article: Union Budget 2024: Internet erupts with 'middle-class' memes as Andhra Pradesh and Bihar gain massively in the new budget from indiatimes.com
2024-10-02 10:15:43,659 - INFO - Processed Article: Budget 2024: Loans of up to Rs 10 lakh for higher education in domestic institutions, says Finance Minister from indiatimes.com
2024-10-02 10:15:44,125 - INFO - Processed Article: Union Budget 2024: Shares of shrimp, seafood makers in heavy demand after allocation of budget from indiatimes.com
2024-10-02 10:15:44,706 - INFO - Processed Article: Budget 2024: Government proposes to fully exempt 3 cancer drugs from customs duty from indiatimes.com
2024-10-02 10:15:45,317 - INFO - Processed Article: Budget 2024: Nirmala Sitharaman to make history by surpassing Morarji Desai's Budget presentation record from indiatimes.com
2024-10-02 10:15:49,111 - INFO - Processed Article: PM Modi hails Budget 2024; says it will empower middle class, women, poor and farmers from indiatimes.com
2024-10-02 10:15:50,048 - INFO - Processed Article: Union Budget 2024-25: Budget 2024: Trade bodies expect lowering of individual tax slabs from indiatimes.com
2024-10-02 10:15:50,801 - INFO - Processed Article: Modi 3.0's Budget 2024 approved by the Cabinet from indiatimes.com
2024-10-02 10:15:51,401 - INFO - Processed Article: Defence budget pegged at Rs 6.21 lakh crore for 2024-25 from indiatimes.com
2024-10-02 10:15:53,246 - INFO - Processed Article: Union Budget 2024: Rs 13,539 crore allocated to social justice department from indiatimes.com
2024-10-02 10:15:53,827 - INFO - Processed Article: Union Budget 2024-25: Top temple corridor announced for Bodhgaya from indiatimes.com
2024-10-02 10:15:54,322 - INFO - Processed Article: Union Budget 2024: India to set up e-commerce export hubs from indiatimes.com
2024-10-02 10:15:54,955 - INFO - Processed Article: Union Budget 2024: How will LTCG and STCG be applied to mutual funds? from indiatimes.com
2024-10-02 10:15:56,671 - INFO - Processed Article: Budget 2024: Experts laud FM’s announcements to improve exports and production of shrimp from indiatimes.com
2024-10-02 10:15:57,307 - INFO - Processed Article: Income Tax Slabs 2024-25 Budget 2024 Highlights & Announcements: Standard deduction hiked, tax slabs changed from indiatimes.com
2024-10-02 10:15:59,048 - INFO - Processed Article: Budget 2024 can be a big opportunity for government to showcase its commitment to education from indiatimes.com
2024-10-02 10:16:01,007 - INFO - Processed Article: India Budget 2024: Finance Minister Sitharaman extends a helping hand to MSMEs from indiatimes.com
2024-10-02 10:16:04,013 - INFO - Processed Article: Budget 2024: From MUDRA loans to Credit guarantee schemes, FM Sitharaman announces plans for MSMEs from indiatimes.com
2024-10-02 10:16:04,685 - INFO - Processed Article: Budget 2024: Big tax shake-up for property sellers, buyers from indiatimes.com
2024-10-02 10:16:06,499 - INFO - Processed Article: Budget 2024: Broking stocks may drag after increase in STT from indiatimes.com
2024-10-02 10:16:07,065 - INFO - Processed Article: Tourism: Budget 2024 boosts Bihar's religious tourism, but neglects core travel industry issues: Travel agents association of India from indiatimes.com
2024-10-02 10:16:07,597 - INFO - Processed Article: PM Modi lauds Union Budget 2024, says will empower the middle class from indiatimes.com
2024-10-02 10:16:08,094 - INFO - Processed Article: Budget 2024 takeaways: What are the top 10 income tax relief, capital gains tax changes? Here's a list from indiatimes.com
2024-10-02 10:16:08,638 - INFO - Processed Article: Andhra Pradesh receives substantial support in Union Budget 2024-25, says chief minister Chandrababu Naidu from indiatimes.com
2024-10-02 10:16:09,072 - INFO - Processed Article: Union Budget 2024: Gold, Silver prices to come down as custom duty slashed to 6% from indiatimes.com
2024-10-02 10:16:09,584 - INFO - Processed Article: PM Modi's dream of Viksit Bharat by 2047 clearly reflected, says Union Minister Kiren Rijiju on Budget 2024 from indiatimes.com
2024-10-02 10:16:10,120 - INFO - Processed Article: Budget 2024: Industry leaders share their insights on the future of the travel sector based on fund allocation, infrastructure development, and other major initiatives from indiatimes.com
2024-10-02 10:16:10,644 - INFO - Processed Article: Budget 2024: Top execs of Transsion, HTech and Benq applaud FM from indiatimes.com
2024-10-02 10:16:14,004 - INFO - Processed Article: Union Budget 2024: FM Nirmala Sitharaman displays Budget tablet outside Finance Ministry from indiatimes.com
2024-10-02 10:16:14,686 - INFO - Processed Article: Union Budget 2024: Real estate players applaud centre's focus on urbanisation, infra growth from indiatimes.com
2024-10-02 10:16:15,254 - INFO - Processed Article: Budget 2024: Rail stocks tumble up to 8% as Budget fails to impress sector from indiatimes.com
2024-10-02 10:16:16,930 - INFO - Processed Article: STT on F&Os hiked in Budget 2024; check updated tax rates here from indiatimes.com
2024-10-02 10:16:17,474 - INFO - Processed Article: Former Shark Ashneer Grover calls Budget 2024 'boring and lifeless', says 'watching Ambani wedding would’ve been more value and better use of time' from indiatimes.com
2024-10-02 10:16:18,193 - INFO - Processed Article: Budget 2024 PDF download: Find the full document here from indiatimes.com
2024-10-02 10:16:18,874 - INFO - Processed Article: Budget 2024: Apex Frozen Foods, Avanti Feeds jump up to 8% on FM’s shrimp farming boost from indiatimes.com
2024-10-02 10:16:21,693 - INFO - Processed Article: Budget 3.0: Finance Minister Nirmala Sitharaman presents the Union Budget 2024 in Lok Sabha from indiatimes.com
2024-10-02 10:16:23,621 - INFO - Processed Article: Budget 2024: "India's economic growth will be shining exception", says FM Nirmala Sitharaman from indiatimes.com
2024-10-02 10:16:24,426 - INFO - Processed Article: Union Budget 2024-25: Beleaguered Andhra Pradesh gets funds for crucial projects from indiatimes.com
2024-10-02 10:16:24,965 - INFO - Processed Article: Budget 2024 Live Updates: Amit Shah hails internship programme decision as 'game-changing move' from indiatimes.com
2024-10-02 10:16:28,358 - INFO - Processed Article: Budget 2024: From tax slab changes to jobs creation, top 10 highlights from FM Sitharaman speech from indiatimes.com
2024-10-02 10:16:28,972 - INFO - Processed Article: Budget 2024: FM announces Rs 2 lakh cr package for five job schemes, skilling for 4 crore youth from indiatimes.com
2024-10-02 10:16:29,373 - INFO - Processed Article: 'Politically biased ... bribe for allies': TMC's Mamata Banerjee slams Union Budget 2024 from indiatimes.com
2024-10-02 10:16:29,843 - INFO - Processed Article: What is the latest standard deduction limit post Budget 2024; check hike under new tax regime from indiatimes.com
2024-10-02 10:16:30,401 - INFO - Processed Article: Budget 2024: Top execs of Noise, Boult, Ambrane and IG Drones thank and applaud FM from indiatimes.com
2024-10-02 10:16:31,187 - INFO - Processed Article: Budget 2024: India to develop a taxonomy for climate finance from indiatimes.com
2024-10-02 10:16:32,743 - INFO - Processed Article: Tech View: Trending move in Nifty likely after consolidation. Here’s how to trade on Wednesday - The Economic Times from indiatimes.com
2024-10-02 10:16:33,345 - INFO - Processed Article: Budget 2024: What government can do to prioritise individuals with special needs from indiatimes.com
2024-10-02 10:16:33,816 - INFO - Processed Article: Budget 2024 will lay foundation for dream of Viksit Bharat by 2047: PM Narendra Modi at the start of Parliament’s Budget session from indiatimes.com
2024-10-02 10:16:34,402 - INFO - Processed Article: Budget 2024: Nasscom outlines key expectations from indiatimes.com
2024-10-02 10:16:36,201 - INFO - Processed Article: Budget 2024: What is needed to boost the crypto market in India? from indiatimes.com
2024-10-02 10:16:36,585 - INFO - Processed Article: Budget 2024: Kamal Bali, MD, Volvo Group India highlights auto industry expectations from Union Budget '24 from indiatimes.com
2024-10-02 10:16:36,930 - INFO - Processed Article: How can Budget 2024 make the new income tax regime more attractive for salaried taxpayers? Top points from TOI Online tax experts’ survey from indiatimes.com
2024-10-02 10:16:37,390 - INFO - Processed Article: Budget 2024 income tax expectations: Move all exemptions, deductions to new tax regime, say salaried taxpayers from indiatimes.com
2024-10-02 10:16:37,723 - INFO - Processed Article: Budget speech 2024 date, time: When will FM Nirmala Sitharaman present Union Budget 2024? Check when, where to watch live from indiatimes.com
2024-10-02 10:16:39,712 - INFO - Processed Article: From skill development to job creation: Why Budget 2024 must boost startups for economic transformation from indiatimes.com
2024-10-02 10:16:41,810 - INFO - Processed Article: Budget 2024: The approach needed around infrastructure, health, and renewable energy from indiatimes.com
2024-10-02 10:16:42,256 - INFO - Processed Article: Budget 2024: Salesforce India CEO expecting recognition of IT sector’s role in creating well paying jobs from indiatimes.com
2024-10-02 10:16:42,911 - INFO - Processed Article: Union Budget 2024: Massive shift in capital expenditure likely, says expert from indiatimes.com
2024-10-02 10:16:43,314 - INFO - Processed Article: Budget 2024: When and where to watch Finance Minister Nirmala Sitharaman’s speech and get real-time updates from indiatimes.com
2024-10-02 10:16:44,011 - INFO - Processed Article: Budget 2024: LTCG, STT withdrawal on D-Street’s wishlist for FM Sitharaman from indiatimes.com
2024-10-02 10:16:44,463 - INFO - Processed Article: Budget 2024: A bid to woo farmers, or a dry spell? from indiatimes.com
2024-10-02 10:16:44,892 - INFO - Processed Article: Budget 2024: “We expect the a customs exemption for Non-Scheduled Operators,” says Founder & CEO of JetSetGo, Kanika Tekriwal from indiatimes.com
2024-10-02 10:16:45,261 - INFO - Processed Article: Budget 2024 for retail: Will Union Budget 2024 address the retail industry’s ask for streamlined tax compliance? from indiatimes.com
2024-10-02 10:16:45,707 - INFO - Processed Article: Budget 2024: 8 policy measures to expect for higher education from FM Nirmala Sitharaman this year from indiatimes.com
2024-10-02 10:16:46,056 - INFO - Processed Article: Budget 2024: India is among fastest-growing 5G networks, says Economic Survey from indiatimes.com
2024-10-02 10:16:46,548 - INFO - Processed Article: Union Budget 2024: What mutual fund investors expect from FM Nirmala Sitharaman's Budget from indiatimes.com
2024-10-02 10:16:46,913 - INFO - Processed Article: Income Tax Expectations: What can Budget 2024 do for salaried, middle class taxpayers and common man? from indiatimes.com
2024-10-02 10:16:47,525 - INFO - Processed Article: Budget 2024: “An increased budgetary allocation for hospitality skill development programs is crucial to bridge the talent gap,” says GM of The Leela Bhartiya City, Bangalore, Virender Razdan from indiatimes.com
2024-10-02 10:16:49,260 - INFO - Processed Article: Budget 2024: From tech innovation to infra development, key expectations from the government from indiatimes.com
2024-10-02 10:16:49,687 - INFO - Processed Article: Railway Budget 2024 expectations: Indian Railways eyes enhanced budgetary support, with priorities clearly defined from indiatimes.com
2024-10-02 10:16:50,419 - INFO - Processed Article: Budget 2024: Job creation, other booster shots likely for fitter economy from indiatimes.com
2024-10-02 10:16:50,858 - INFO - Processed Article: Budget 2024: Economic Survey warns about AI's impact on Indian job market from indiatimes.com
2024-10-02 10:16:51,206 - INFO - Processed Article: Budget 2024 income tax expectations for senior citizens: What are the top things FM Sitharaman can do for senior citizens? from indiatimes.com
2024-10-02 10:16:51,683 - INFO - Processed Article: Modi govt may push big reforms in Budget 2024 to fix a major chink in armour: Economists from indiatimes.com
2024-10-02 10:16:52,070 - INFO - Processed Article: Budget 2024: What the Indian gaming industry looks forward to from indiatimes.com
2024-10-02 10:16:52,435 - INFO - Processed Article: Budget 2024: Industry leaders express optimistic outlook for economic growth from indiatimes.com
2024-10-02 10:16:56,772 - INFO - Processed Article: Top 10 Income Tax Expectations From Budget 2024: From New Income Tax Regime Slab Changes To Hike In Standard Deduction, Section 80C - Check List from indiatimes.com
2024-10-02 10:16:57,177 - INFO - Processed Article: Budget 2024: Crypto community seeks reduction of tax deductions on transfer of digital assets from indiatimes.com
2024-10-02 10:16:57,625 - INFO - Processed Article: Budget 2024: Fintechs seek banking partnership from indiatimes.com
2024-10-02 10:16:58,130 - INFO - Processed Article: Budget 2024 expectations for auto sector: Auto industry seeks support for its growing ambitions from indiatimes.com
2024-10-02 10:16:58,571 - INFO - Processed Article: Railway Budget 2024: Indian Railways to journey beyond Vande Bharat? Experts suggest focus on non-AC trains, safety from indiatimes.com
2024-10-02 10:16:59,206 - INFO - Processed Article: Will UDAN finally get wings to fly or will Budget 2024 clip it further? from indiatimes.com
2024-10-02 10:16:59,609 - INFO - Processed Article: Budget 2024: Semiconductor industry expects more collaboration to help India emerge as a key player from indiatimes.com
2024-10-02 10:17:00,149 - INFO - Processed Article: Budget 2024 pharma sector expectations: Life sciences sector eyes R&D boost, tax incentives, manufacturing support from indiatimes.com
2024-10-02 10:17:03,287 - INFO - Processed Article: Budget 2024 Expectations Higlights: How Modi 3.0's first Budget can address job creation, sector spending, and tax relief? from indiatimes.com
2024-10-02 10:17:03,835 - INFO - Processed Article: Tamil Nadu CM Stalin urges funds for development in Union Budget 2024-25 from indiatimes.com
2024-10-02 10:17:04,292 - INFO - Processed Article: Budget 2024: Child rights activists seek increased funding from indiatimes.com
2024-10-02 10:17:05,433 - INFO - Processed Article: Union Budget 2024 can draw a roadmap to spark India’s electric vehicle revolution from indiatimes.com
2024-10-02 10:17:05,981 - INFO - Processed Article: Union Budget 2024 can draw a roadmap to spark India’s electric vehicle revolution from indiatimes.com
2024-10-02 10:17:06,420 - INFO - Processed Article: What Budget 2024 can do to get foreign investors to bet on India from indiatimes.com
2024-10-02 10:17:07,101 - INFO - Processed Article: Budget 2024 Expectations Highlights: Economic Survey highlights strengths, outcomes of reforms, says PM Modi from indiatimes.com
2024-10-02 10:17:07,500 - INFO - Processed Article: Budget 2024: ‘Emphasis on R&D needed to boost India’s tech development ecosystem’ from indiatimes.com
2024-10-02 10:17:07,925 - INFO - Processed Article: Budget 2024: Economic Survey to be presented on July 22, a day before Budget from indiatimes.com
2024-10-02 10:17:08,475 - INFO - Processed Article: Towards Jan Samriddhi: How Union Budget 2024 can advance women-centric financial inclusion from indiatimes.com
2024-10-02 10:17:08,983 - INFO - Processed Article: Budget 2024: Tech Entrepreneurs Association of Mumbai seeks financial support for startups from indiatimes.com
2024-10-02 10:17:09,604 - INFO - Processed Article: Budget 2024: Healthcare sector experts urge govt to boost spending, infrastructure and innovation from indiatimes.com
2024-10-02 10:17:10,058 - INFO - Processed Article: Budget 2024: “It will drive both environmental sustainability and economic growth in India,” says CEO, Blue Planet Environmental Solutions, Prashant Singh from indiatimes.com
2024-10-02 10:17:10,695 - INFO - Processed Article: Union Budget 2024: Crypto community's wishlist from indiatimes.com
2024-10-02 10:17:11,275 - INFO - Processed Article: Budget 2024: Prioritising tax reforms for a more business-friendly environment from indiatimes.com
2024-10-02 10:17:12,268 - INFO - Processed Article: Union Budget 2024 Expectations Highlights: What will Modi 3.0 bring on July 23? Taxpayers, businesses weigh in from indiatimes.com
2024-10-02 10:17:12,795 - INFO - Processed Article: Budget 2024: “We anticipate it to sustain this momentum with a focus on continued infrastructure investment,” says MD Hyatt for India and Southwest Asia, Sunjae Sharma from indiatimes.com
2024-10-02 10:17:13,364 - INFO - Processed Article: Budget 2024: Logistics industry experts advocate embracing AI and IoT technologies from indiatimes.com
2024-10-02 10:17:13,771 - INFO - Processed Article: Budget 2024: Reduction in GST rates for LED TVs larger than 32 inches expected from indiatimes.com
2024-10-02 10:17:14,276 - INFO - Processed Article: Budget 2024 should allow professionals to switch between new and old tax regimes annually like individual taxpayers: Expert view from indiatimes.com
2024-10-02 10:17:14,676 - INFO - Processed Article: Budget 2024: India’s logistics sector eyes multimodal boost to combat Red Sea disruptions from indiatimes.com
2024-10-02 10:17:15,115 - INFO - Processed Article: Budget 2024: Here’s what Indian accessory makers Noise and Boult expect from indiatimes.com
2024-10-02 10:17:15,484 - INFO - Processed Article: Budget 2024: Telecom industry seeks tax relief and regulatory clarity from indiatimes.com
2024-10-02 10:17:16,038 - INFO - Processed Article: Budget 2024: With China's real estate reforms in place, is it time for India to up the ante too in Budget? from indiatimes.com
2024-10-02 10:17:16,485 - INFO - Processed Article: Budget 2024: “The government should also consult with the leading voices in sustainable tourism,” says Founder and CEO of Postcard Travel Club, Amit Jaipuria from indiatimes.com
2024-10-02 10:17:19,308 - INFO - Processed Article: Budget 2024 Expectations Updates: Will FM Nirmala Sitharaman revise Section 80C limit? from indiatimes.com
2024-10-02 10:17:19,979 - INFO - Processed Article: Start 30% tax slab at Rs 30 lakh in Budget 2024 to give inflation-relief to middle class: Expert view from indiatimes.com
2024-10-02 10:17:20,479 - INFO - Processed Article: Budget 2024: Has the weaker mandate for BJP opened up mega sops chances for Indians? from indiatimes.com
2024-10-02 10:17:21,114 - INFO - Processed Article: Budget 2024 expectations: Robust infrastructure framework can reduce overall logistics cost of transportation from indiatimes.com
2024-10-02 10:17:21,624 - INFO - Processed Article: Union Budget 2024: Incentives for sectors, customs reforms expected from indiatimes.com
2024-10-02 10:17:22,307 - INFO - Processed Article: Budget 2024: Need to strengthen India’s supply chain through digital technologies from indiatimes.com
2024-10-02 10:17:22,774 - INFO - Processed Article: Budget 2024: These sectors could be the potential winners and losers of Modi 3.0 budget from indiatimes.com
2024-10-02 10:17:23,456 - INFO - Processed Article: Budget 2024: R&D boost, Indian shipping line will give an impetus to exports, says industry from indiatimes.com
2024-10-02 10:17:24,210 - INFO - Processed Article: Budget 2024 Disinvestment Expectations: Will it be curtains for strategic sale of public assets under Modi 3.0? from indiatimes.com
2024-10-02 10:17:24,719 - INFO - Processed Article: Union Budget 2024: What Modi government can do to promote sustainable & affordable living through green housing from indiatimes.com
2024-10-02 10:17:25,229 - INFO - Processed Article: Budget 2024: Key policy measures Auto Inc hopes to see from upcoming Union Budget from indiatimes.com
2024-10-02 10:17:25,833 - INFO - Processed Article: Budget 2024 Expectations Highlights: Will FM Nirmala Sitharaman give income tax relief, bring changes in new tax regime? Capex push for roads, railways also in focus from indiatimes.com
2024-10-02 10:17:26,238 - INFO - Processed Article: Budget 2024: Will Sitharaman give a higher dose of allocation for healthcare this time around? from indiatimes.com
2024-10-02 10:17:26,779 - INFO - Processed Article: Budget 2024: “Improved infrastructure will undoubtedly boost our tourism potential,” GM Le Meridien, Suman Gahlawat from indiatimes.com
2024-10-02 10:17:27,385 - INFO - Processed Article: Budget 2024 - “The government's initiatives will significantly benefit the hospitality industry," says GM Courtyard by Marriott, Mohit Kanwal from indiatimes.com
2024-10-02 10:17:28,076 - INFO - Processed Article: FM can afford to go for a mix of consumption boost & capex in this Budget: Siddhartha Sanyal from indiatimes.com
2024-10-02 10:17:30,075 - INFO - Processed Article: Budget 2024: India can use fiscal headroom to support rural economy, suggests FICCI from indiatimes.com
2024-10-02 10:17:30,432 - INFO - Processed Article: Budget 2024: When, how, where to watch Budget live? All questions answered - Budget 2024 date from indiatimes.com
2024-10-02 10:17:31,940 - INFO - Processed Article: Union Budget 2024: Reintroduce tax holiday for affordable housing with a tweak from indiatimes.com
2024-10-02 10:17:32,607 - INFO - Processed Article: Budget 2024: EV sector seeks comprehensive support and innovation boost from indiatimes.com
2024-10-02 10:17:33,661 - INFO - Processed Article: Budget 2024 Expectations highlights: India's food subsidies may cost 11% more than initial plan from indiatimes.com
2024-10-02 10:17:34,109 - INFO - Processed Article: Budget 2024: Government seeks industry input to boost telecom sector from indiatimes.com
2024-10-02 10:17:34,509 - INFO - Processed Article: Budget 2024: Key Expectations for Transforming School Education from indiatimes.com
2024-10-02 10:17:34,984 - INFO - Processed Article: Budget 2024: Elderly NGOs seek major revisions in upcoming budget to support senior citizens from indiatimes.com
2024-10-02 10:17:36,078 - INFO - Processed Article: What income tax changes are coming in first Modi 3.0 Budget — hike in standard deduction or basic exemption limit or both? from indiatimes.com
2024-10-02 10:17:36,875 - INFO - Processed Article: Budget 2024: ELCINA pushes to curb import dependency through innovation and domestic component design from indiatimes.com
2024-10-02 10:17:37,334 - INFO - Processed Article: Income Tax Expectations Budget 2024: What can the salaried, individual taxpayers expect? Top points from indiatimes.com
2024-10-02 10:17:38,098 - INFO - Processed Article: Budget 2024: More funds and focus on R&D can solve many problems of pharma sector, say stakeholders from indiatimes.com
2024-10-02 10:17:40,010 - INFO - Processed Article: Experts call for Modi government to cut red tapism further in Union Budget 2024, boost ease of doing business from indiatimes.com
2024-10-02 10:17:43,237 - INFO - Processed Article: Budget 2024 Expectations Highlights: Will Modi 3.0 see continued privatisation amid alliance pressures? from indiatimes.com
2024-10-02 10:17:43,957 - INFO - Processed Article: Budget 2024: Women entrepreneurs call for increase in social support, women workforce participation from indiatimes.com
2024-10-02 10:17:44,457 - INFO - Processed Article: Budget 2024: Top 4 things FM Nirmala Sitharaman should do for agriculture from indiatimes.com
2024-10-02 10:17:45,028 - INFO - Processed Article: What Modi govt can do in Budget 2024 to fix India's skilling-led unemployment crisis from indiatimes.com
2024-10-02 10:17:45,671 - INFO - Processed Article: Budget 2024 Expectations Highlights: Will FM Sitharaman bring income tax relief for salaried taxpayers? Infra, railways capex also in focus from indiatimes.com
2024-10-02 10:17:47,245 - INFO - Processed Article: Budget 2024: Key GST-related challenges MSMEs expect to be addressed from indiatimes.com
2024-10-02 10:17:47,887 - INFO - Processed Article: Budget 2024: With Vande Bharat comes greater need for Indian Railways’ safety shield from indiatimes.com
2024-10-02 10:17:48,314 - INFO - Processed Article: Budget 2024 income tax expectations: Top 5 things FM Sitharaman should do for taxpayers from indiatimes.com
2024-10-02 10:17:50,155 - INFO - Processed Article: Budget 2024: Engineering sector seeks policies that will ease liquidity issues and encourage R&D from indiatimes.com
2024-10-02 10:17:50,882 - INFO - Processed Article: Budget 2024: More focus on schemes such as RAMP, TUF can boost MSMEs from indiatimes.com
2024-10-02 10:17:51,382 - INFO - Processed Article: Union Budget 2024: Can India afford to give aam aadmi the big tax relief it seeks? from indiatimes.com
2024-10-02 10:17:51,878 - INFO - Processed Article: Union Budget 2024: What is 'Halwa Ceremony' and its importance in budget session from indiatimes.com
2024-10-02 10:17:53,766 - INFO - Processed Article: Budget 2024 Halwa Ceremony: Nirmala Sitharaman takes part in Halwa ceremony to mark final stage of preparation process from indiatimes.com
2024-10-02 10:17:55,342 - INFO - Processed Article: Budget 2024: FM Nirmala Sitharaman likely to focus on urban development and infrastructure sector from indiatimes.com
2024-10-02 10:17:55,779 - INFO - Processed Article: Union Budget 2024-25: Sitharaman participates in 'halwa' ceremony; marks final stage of Budget preparation from indiatimes.com
2024-10-02 10:17:56,354 - INFO - Processed Article: Budget 2024: LTCG auditions for a new role in India realty show from indiatimes.com
2024-10-02 10:17:56,937 - INFO - Processed Article: Budget 2024: MSME data stack, alternative credit assessment models can bridge $530 bn credit gap, says industry from indiatimes.com
2024-10-02 10:17:57,586 - INFO - Processed Article: Budget 2024: What does the stock market expect from the coalition government Budget? from indiatimes.com
2024-10-02 10:17:58,201 - INFO - Processed Article: Budget 2024: Analysing the impact of previous budgetary allocations on overall consumer business from indiatimes.com
2024-10-02 10:17:59,043 - INFO - Processed Article: Union Budget 2024: Sectors for investors - What can the Budget hold for different sectors? from indiatimes.com
2024-10-02 10:18:01,758 - INFO - Processed Article: Budget 2024 Expectations Highlights: Startups eye angel tax relief and health tech boost in Budget from indiatimes.com
2024-10-02 10:18:02,420 - INFO - Processed Article: Major insurance changes in Budget 2024: Combi products offering life, health insurance soon; will insurers sell mutual funds? from indiatimes.com
2024-10-02 10:18:02,767 - INFO - Processed Article: Budget 2024: Why was Budget date shifted from February 28? - Budget 2024 from indiatimes.com
2024-10-02 10:18:03,167 - INFO - Processed Article: Budget 2024: Tax practitioners' urge govt to rationalise personal income tax from indiatimes.com
2024-10-02 10:18:03,624 - INFO - Processed Article: Budget 2024: Double standard deduction to Rs 1 lakh and more on the table that need Nirmala Sitharaman's attention from indiatimes.com
2024-10-02 10:18:03,985 - INFO - Processed Article: Budget 2024 income tax expectations: Why new tax regime is likely to be made more attractive from indiatimes.com
2024-10-02 10:18:07,021 - INFO - Processed Article: Budget 2024 Expectation Highlights: What to expect from Budget deliberations from indiatimes.com
2024-10-02 10:18:07,426 - INFO - Processed Article: Budget 2024 needs to decide if faceless assessment is revolutionising tax landscape or creating hurdles? from indiatimes.com
2024-10-02 10:18:07,867 - INFO - Processed Article: Union Budget: What lies ahead in Budget 2024 for indirect taxes? from indiatimes.com
2024-10-02 10:18:08,224 - INFO - Processed Article: Budget 2024 expectations: Ramp up private participation in airports & railways, says expert from indiatimes.com
2024-10-02 10:18:08,680 - INFO - Processed Article: Budget 2024: Why relief for middle-class is crucial amid price pains and job woes from indiatimes.com
2024-10-02 10:18:09,539 - INFO - Processed Article: Budget: Rajasthan CM Bhajan Lal Sharma sets timelines for ministers and officials to implement Budget 2024-25 from indiatimes.com
2024-10-02 10:18:10,094 - INFO - Processed Article: Union Budget 2024: From increased allocation to reforming NTA, here's what stakeholders expect for the education sector from indiatimes.com
2024-10-02 10:18:10,500 - INFO - Processed Article: Budget 2024: Tax relief for middle-class, salaried will help increase consumption patterns, says Marico MD from indiatimes.com
2024-10-02 10:18:11,034 - INFO - Processed Article: Budget 2024: 45-day payment rule for MSMEs must come to an end, industry says from indiatimes.com
2024-10-02 10:18:11,564 - INFO - Processed Article: Guidebook to lighting up India’s renewable energy ambitions for upcoming Union Budget 2024 from indiatimes.com
2024-10-02 10:18:12,143 - INFO - Processed Article: Budget 2024: Let’s put money in R&D to make manufacturing roar from indiatimes.com
2024-10-02 10:18:12,711 - INFO - Processed Article: Budget 2024: Zerodha's Nithin Kamath proposes big change in capital gains from the sale of property to boost startups from indiatimes.com
2024-10-02 10:18:14,295 - INFO - Processed Article: Ahead of budget, US-India forum urges FM Sitharaman for stable & predictable tax environment from indiatimes.com
2024-10-02 10:18:14,833 - INFO - Processed Article: Budget 2024 may be focused on these 5 themes, predicts Nomura from indiatimes.com
2024-10-02 10:18:15,207 - INFO - Processed Article: Budget 2024 Expectations: US-India forum seeks tax parity, duty relaxation on exports from indiatimes.com
2024-10-02 10:18:16,168 - INFO - Processed Article: Union Budget 2024 Expectations Higlights: Economic vision of new govt, political theme key aspects to watch for, says Nomura from indiatimes.com
2024-10-02 10:18:16,632 - INFO - Processed Article: FADA seeks vehicle depreciation benefits for income tax payers in Budget 2024 from indiatimes.com
2024-10-02 10:18:17,087 - INFO - Processed Article: Budget 2024: Zerodha’s Nithin Kamath seeks tax exemptions for startup investors from indiatimes.com
2024-10-02 10:18:17,527 - INFO - Processed Article: Guidebook to lighting up India’s renewable energy ambitions for upcoming Union Budget 2024 from indiatimes.com
2024-10-02 10:18:18,085 - INFO - Processed Article: Budget 2024: Govt may tweak laws to push banking sector reforms in Budget session from indiatimes.com
2024-10-02 10:18:18,547 - INFO - Processed Article: Budget 2024: Economic vision of new govt, political theme key aspects to watch in budget, says Nomura from indiatimes.com
2024-10-02 10:18:21,597 - INFO - Processed Article: Budget 2024 Live Highlights: Time to push divestment of state-owned banks this Budget, says SBI report from indiatimes.com
2024-10-02 10:18:22,069 - INFO - Processed Article: Budget 2024: Banks seek hike in interest subvention on farm loans from indiatimes.com
2024-10-02 10:18:22,513 - INFO - Processed Article: Budget 2024: How Nirmala Sitharaman can lay the infra bricks for a Viksit Bharat by 2047 from indiatimes.com
2024-10-02 10:18:22,997 - INFO - Processed Article: Budget 2024: Will Sitharaman fulfill a promise made after the Interim Budget? from indiatimes.com
2024-10-02 10:18:24,392 - INFO - Processed Article: Budget 2024 needs to take steps to address lower than expected growth in consumption: Godrej & Boyce CEO from indiatimes.com
2024-10-02 10:18:25,009 - INFO - Processed Article: Budget 2024 expectations: Strategic interventions and an innovation-first approach will drive growth for Indian logistics from indiatimes.com
2024-10-02 10:18:25,415 - INFO - Processed Article: Affordable housing tax relief: Budget 2024 expected to bring back deduction on home loan interest payment, other measures from indiatimes.com
2024-10-02 10:18:25,942 - INFO - Processed Article: Budget 2024: Import duty on renewable sector components a double-edged sword, need gradual transition, say experts from indiatimes.com
2024-10-02 10:18:26,417 - INFO - Processed Article: Income tax cut in Union Budget 2024: India’s middle-class is asking for it but may not get it from indiatimes.com
2024-10-02 10:18:26,934 - INFO - Processed Article: Union Budget 2024: How to lay the foundation for a healthy India by 2047 from indiatimes.com
2024-10-02 10:18:27,507 - INFO - Processed Article: Budget 2024: India trails China in defence spending, but must fill the 'insufficient' allocation from indiatimes.com
2024-10-02 10:18:27,985 - INFO - Processed Article: Budget 2024: PM Modi holds key meeting with FM Sitharaman, economists from indiatimes.com
2024-10-02 10:18:28,455 - INFO - Processed Article: Union Budget 2024: Power exchanges as catalysts for India's energy future from indiatimes.com
2024-10-02 10:18:31,315 - INFO - Processed Article: Union Budget 2024 Highlights: PM Modi to gather top economists for Budget 2024-25 insights from indiatimes.com
2024-10-02 10:18:31,802 - INFO - Processed Article: Budget 2024: Agriculture & FMCG sectors seek better infra & tech to help farmers tackle climate change, inflationary pressures from indiatimes.com
2024-10-02 10:18:33,707 - INFO - Processed Article: ETMarkets Smart Talk: Union Budget 2024 likely to focus on fiscal discipline, tax rationalization & driving capex cycle: Jiten Doshi from indiatimes.com
2024-10-02 10:18:34,295 - INFO - Processed Article: Budget 2024: 'More FAME, Less GST' - What the EV industry wants from FM Sitharaman from indiatimes.com
2024-10-02 10:18:34,907 - INFO - Processed Article: Union Budget: Will Budget 2024 book tourism’s ticket to growth? from indiatimes.com
2024-10-02 10:18:35,400 - INFO - Processed Article: Budget 2024: Defence allocation may be a focus, will India’s shipbuilding sector gain from it? from indiatimes.com
2024-10-02 10:18:35,825 - INFO - Processed Article: Budget 2024 expectations: Under Atal Pension Yojana, Modi government may double minimum guaranteed amount to Rs 10,000 from indiatimes.com
2024-10-02 10:18:36,237 - INFO - Processed Article: Union Budget 2024 may see Modi government fasttracking reforms to focus on unfinished agenda from previous term from indiatimes.com
2024-10-02 10:18:36,720 - INFO - Processed Article: Budget 2024: Don't hold your breath, electrify! from indiatimes.com
2024-10-02 10:18:38,496 - INFO - Processed Article: Budget 2024: Travel agents body demands industry status, GST rate rationalization for tourism sector from indiatimes.com
2024-10-02 10:18:39,197 - INFO - Processed Article: Budget 2024: Is a Rs 10 lakh insurance the vitamin India's healthcare system needs? from indiatimes.com
2024-10-02 10:18:39,529 - INFO - Processed Article: 3 sectors Nirmala Sitharaman may focus on during Budget 2024 - Budget 2024 from indiatimes.com
2024-10-02 10:18:40,060 - INFO - Processed Article: Budget 2024: Insurance cover under Ayushman Bharat PMJAY scheme to be doubled to Rs 10 lakh? from indiatimes.com
2024-10-02 10:18:40,517 - INFO - Processed Article: Budget 2024: Travel agents body demands industry status, GST rate rationalization for tourism sector from indiatimes.com
2024-10-02 10:18:41,036 - INFO - Processed Article: Union Budget 2024: Good time to push disinvestment of public banks, says SBI report from indiatimes.com
2024-10-02 10:18:41,517 - INFO - Processed Article: Budget 2024: IMA writes for higher dosage of fund allocation and more on Nirmala Sitharaman's prescription list from indiatimes.com
2024-10-02 10:18:42,089 - INFO - Processed Article: Pre-Budget consultation meetings for union budget 2024-25 conclude from indiatimes.com
2024-10-02 10:18:42,508 - INFO - Processed Article: Union Budget 2024 will likely focus on women, middle-class and agri sector from indiatimes.com
2024-10-02 10:18:44,205 - INFO - Processed Article: Budget 2024: Hospitality players seek infra status for hotels from indiatimes.com
2024-10-02 10:18:44,833 - INFO - Processed Article: Union Budget 2024: Govt mulls doubling number of AB-PMJAY beneficiaries, insurance amount from indiatimes.com
2024-10-02 10:18:46,461 - INFO - Processed Article: Budget 2024: Ombudsman body and more on Nirmala Sitharaman's to-do list for PLI scheme from indiatimes.com
2024-10-02 10:18:46,968 - INFO - Processed Article: Budget 2024: Pharma sector seeks tax sops, effective intellectual property rights regime from indiatimes.com
2024-10-02 10:18:47,440 - INFO - Processed Article: Union Budget: Finance minister Nirmala Sitharaman to present Budget 2024-25 in Lok Sabha on July 23 from indiatimes.com
2024-10-02 10:18:48,037 - INFO - Processed Article: Budget 2024: ONDC and more on e-commerce's cart for Nirmala Sitharaman from indiatimes.com
2024-10-02 10:18:51,122 - INFO - Processed Article: Budget 2024: FM Sitharaman to present Union Budget in Lok Sabha on July 23 from indiatimes.com
2024-10-02 10:18:51,668 - INFO - Processed Article: Budget 2024: Top three moves that NDA govt must consider for employment generation from indiatimes.com
2024-10-02 10:18:54,081 - INFO - Processed Article: Budget 2024: FM Sitharaman to present Union Budget in Lok Sabha on July 23 from indiatimes.com
2024-10-02 10:18:55,820 - INFO - Processed Article: Budget 2024: When will Union Budget be presented? Here are date, time and other details from indiatimes.com
2024-10-02 10:18:56,318 - INFO - Processed Article: Budget 2024 date: Finance Minister Nirmala Sitharaman to present Union Budget in Lok Sabha on July 23 from indiatimes.com
2024-10-02 10:18:57,117 - INFO - Processed Article: Budget 2024: Finance Minister Nirmala Sitharaman to present Union Budget on July 23 from indiatimes.com
2024-10-02 10:18:57,460 - INFO - Processed Article: Income Tax expectations Budget 2024: Tax exempt limit for savings account interest to be raised to Rs 25,000? from indiatimes.com
2024-10-02 10:18:58,295 - INFO - Processed Article: Budget 2024: Sitharaman can help weave Indian textile industries' golden fortune with PLI extension to garment sector, MSME funding from indiatimes.com
2024-10-02 10:18:58,693 - INFO - Processed Article: Budget 2024: Will Budget remove the ‘killer’ angel for the sake of Indian startups? from indiatimes.com
2024-10-02 10:18:59,091 - INFO - Processed Article: Budget 2024: Top 3 steps Modi government should consider for employment generation from indiatimes.com
2024-10-02 10:18:59,733 - INFO - Processed Article: We expect policy stability, renewable energy investment from Budget 2024: Sharad Mahendra, JSW Energy from indiatimes.com
2024-10-02 10:19:00,309 - INFO - Processed Article: Budget 2024: 7 structural reforms FM Nirmala Sitharaman should target for sustainable growth from indiatimes.com
2024-10-02 10:19:00,675 - INFO - Processed Article: Budget 2024 income tax expectations: Top 10 things FM Sitharaman should do for salaried taxpayers from indiatimes.com
2024-10-02 10:19:01,200 - INFO - Processed Article: Budget 2024 should hike basic income tax exemption limit to Rs 5 lakh in both old and new tax regimes: Deloitte from indiatimes.com
2024-10-02 10:19:01,632 - INFO - Processed Article: Income tax Budget 2024 expectations: 10 ways the finance minister can ease income tax and financial burden of senior citizens from indiatimes.com
2024-10-02 10:19:04,037 - INFO - Processed Article: Who will present Budget 2024 and how is it prepared? from indiatimes.com
2024-10-02 10:19:05,751 - INFO - Processed Article: Budget 2024: Tata Motors expects policy continuity in electric mobility from indiatimes.com
2024-10-02 10:19:06,293 - INFO - Processed Article: Budget 2024: Tata Motors expects policy continuity in electric mobility from indiatimes.com
2024-10-02 10:19:06,713 - INFO - Processed Article: Budget 2024 income tax expectations: Why 50% HRA exemption should include cities like Bengaluru, Hyderabad from indiatimes.com
2024-10-02 10:19:07,164 - INFO - Processed Article: Budget 2024: What is a Budget? Why is it important? When is Budget 2024? - What is India's Union Budget? from indiatimes.com
2024-10-02 10:19:07,700 - INFO - Processed Article: Section 80C deduction in Budget 2024: Will the government increase Section 80C limit under the old income tax regime in Budget? from indiatimes.com
2024-10-02 10:19:10,743 - INFO - Processed Article: Budget 2024: FM Sitharaman chairs pre-budget meeting, take suggestions from States' FMs from indiatimes.com
2024-10-02 10:19:11,227 - INFO - Processed Article: Budget 2024: Sitharaman underlines Centre's support to states via timely tax devolution, GST compensation arrears from indiatimes.com
2024-10-02 10:19:11,772 - INFO - Processed Article: Union Budget 2024 date and time; Check answers to budget related questions and common FAQs here from indiatimes.com
2024-10-02 10:19:12,258 - INFO - Processed Article: Union Budget 2024: Key facts and insights you need to know from indiatimes.com
2024-10-02 10:19:12,779 - INFO - Processed Article: Budget 2024: Five steps of India's Budget formation explained from indiatimes.com
2024-10-02 10:19:13,148 - INFO - Processed Article: Union Budget 2024: Key facts and insights you need to know from indiatimes.com
2024-10-02 10:19:13,466 - INFO - Processed Article: Budget 2024: Five steps of India's Budget formation explained from indiatimes.com
2024-10-02 10:19:14,540 - INFO - Processed Article: Budget 2024: Key changes made in India's Budget presentations since 1947 - Budget presentation time from indiatimes.com
2024-10-02 10:19:15,007 - INFO - Processed Article: Focus on agriculture sector in Budget 2024 as it can generate employment: PHDCCI from indiatimes.com
2024-10-02 10:19:15,632 - INFO - Processed Article: Budget 2024: D-Street captains urge FM Sitharaman to hike STT charges on high frequency traders from indiatimes.com
2024-10-02 10:19:16,068 - INFO - Processed Article: Budget 2024: How about a 'Robot Tax' in Budget? Economists pitch the idea for AI-hit jobs from indiatimes.com
2024-10-02 10:19:16,614 - INFO - Processed Article: View: FAME III, tax rationalization, PLI tweak & more - What the Indian EV sector needs from Budget 2024-25 from indiatimes.com
2024-10-02 10:19:19,312 - INFO - Processed Article: Budget 2024: Most Budget speeches to longest speech, Nirmala Sitharaman's records - Most Budget presentations from indiatimes.com
2024-10-02 10:19:19,744 - INFO - Processed Article: Budget 2024 income tax expectations: Modi government may lower personal tax rates, says report from indiatimes.com
2024-10-02 10:19:20,340 - INFO - Processed Article: Budget 2024: When will FM Nirmala Sitharaman present Union Budget 2024? Check expected date from indiatimes.com
2024-10-02 10:19:20,876 - INFO - Processed Article: Budget 2024: Five steps to prepare the Budget - Issuing circulars from indiatimes.com
2024-10-02 10:19:21,524 - INFO - Processed Article: Budget 2024: Rs 11.11 lakh crore of capex plan not enough? CII wants more in budget to push growth from indiatimes.com
2024-10-02 10:19:24,201 - INFO - Processed Article: Budget 2024 date, time, details: Who will present Budget 2024? - Budget 2024 from indiatimes.com
2024-10-02 10:19:24,535 - INFO - Processed Article: When will FM Nirmala Sitharaman present Union Budget 2024? from indiatimes.com
2024-10-02 10:19:24,898 - INFO - Processed Article: Budget 2024: All eyes on FM Sitharaman for next-generation reforms to sustain growth, create jobs from indiatimes.com
2024-10-02 10:19:25,451 - INFO - Processed Article: Budget 2024: Modi 3.0 government to focus on job creation and private investment growth from indiatimes.com
2024-10-02 10:19:32,531 - ERROR - Error processing https://timesofindia.indiatimes.com/business/india-business/budget-2024-indias-capital-expenditure-outlay-may-see-10-hike-thanks-to-tax-revenue-rbis-bumper-dividend-payout/articleshow/110522740.cms: Article `download()` failed with HTTPSConnectionPool(host='timesofindia.indiatimes.com', port=443): Read timed out. (read timeout=7) on URL https://timesofindia.indiatimes.com/business/india-business/budget-2024-indias-capital-expenditure-outlay-may-see-10-hike-thanks-to-tax-revenue-rbis-bumper-dividend-payout/articleshow/110522740.cms
2024-10-02 10:19:33,283 - INFO - Processed Article: Confident and calculated: Interim Budget 2024-25 strikes a smart balance from indiatimes.com
2024-10-02 10:19:33,826 - INFO - Processed Article: Confident and calculated: Interim Budget 2024-25 strikes a smart balance from indiatimes.com
2024-10-02 10:19:34,659 - INFO - Processed Article: Interim Budget: Mixed Reactions in Kanpur as Finance Minister Presents Interim Budget 2024 from indiatimes.com
2024-10-02 10:19:35,108 - INFO - Processed Article: Interim Budget 2024: Interim Budget 2024: Focus on Eastern States and Implications for Bihar from indiatimes.com
2024-10-02 10:19:35,757 - INFO - Processed Article: Budget 2024: Realtors say housing demand to rise as budget proposes to help middle-class buy, build homes from indiatimes.com
2024-10-02 10:19:39,095 - INFO - Processed Article: Budget 2024 Live Updates: Budget 2024 Updates, Interim Budget: Sitharaman's Interim Budget focuses on more homes, inclusive growth & fiscal deficit from indiatimes.com
2024-10-02 10:19:39,555 - INFO - Processed Article: Harsh Goenka sees 'Fighter', 'Gadar', 'Animal' and '12th Fail' in 'Bahadur' Sitharaman's Budget 2024 from indiatimes.com
2024-10-02 10:19:40,000 - INFO - Processed Article: Budget 2024: What tech startup CEOs and CXOs have to say from indiatimes.com
2024-10-02 10:19:40,810 - INFO - Processed Article: Interim Budget 2024: Nirmala Sitharaman meets President Murmu ahead of Budget speech from indiatimes.com
2024-10-02 10:19:44,004 - INFO - Processed Article: FM Sitharaman unveils vision for Budget 2024: puts spotlight on 'GDP from indiatimes.com
2024-10-02 10:19:44,554 - INFO - Processed Article: Union Budget 2024-25: Streamlining Visa and Consular Services for Global Tourism from indiatimes.com
2024-10-02 10:19:45,108 - INFO - Processed Article: 24 stocks that insiders are betting on ahead of Interim Budget 2024 from indiatimes.com
2024-10-02 10:19:45,666 - INFO - Processed Article: Union Budget 2024: Education Sector Expects Higher Allocation and Comprehensive NEP Implementation from indiatimes.com
2024-10-02 10:19:47,551 - INFO - Processed Article: Budget 2024: What William O'Neil expects from 9 key sectors from indiatimes.com
2024-10-02 10:19:48,453 - INFO - Processed Article: Realty Sector: Realty Sector Seeks More Stimulus in Interim Union Budget 2024 from indiatimes.com
2024-10-02 10:19:49,111 - INFO - Processed Article: Budget 2024: From SWAMIH 2.0 to bigger home loan deduction limit - 6 major expectations of real estate sector from indiatimes.com
2024-10-02 10:19:49,801 - INFO - Processed Article: Budget 2024: Freebies or welfare schemes, what can the Modi government opt for? from indiatimes.com
2024-10-02 10:19:50,417 - INFO - Processed Article: Union Budget 2024: Government Support and Funding Crucial for Economic Growth from indiatimes.com
2024-10-02 10:19:50,905 - INFO - Processed Article: Budget 2024: EasyMyTrip CEO Nishant Pitti anticipates tourism boost in upcoming Union Budget from indiatimes.com
2024-10-02 10:19:51,451 - INFO - Processed Article: Budget 2024: Three things to watch for in the Interim budget from indiatimes.com
2024-10-02 10:19:52,021 - INFO - Processed Article: Budget 2024 income tax: Can common man, middle class look forward to relief on tax slabs, tax rates? from indiatimes.com
2024-10-02 10:19:52,616 - INFO - Processed Article: Budget 2024 session: President Murmu arrives in Parliament in traditional buggy from indiatimes.com
2024-10-02 10:19:53,266 - INFO - Processed Article: Union Budget 2024: Boosting the Travel Industry with Digital Marketing Initiatives from indiatimes.com
2024-10-02 10:19:53,751 - INFO - Processed Article: Budget 2024 income tax: Progressive taxation and redistribution policy recommendations from indiatimes.com
2024-10-02 10:19:54,437 - INFO - Processed Article: Budget 2024: Can India fill the vacuum created in global supply chains? from indiatimes.com
2024-10-02 10:19:54,970 - INFO - Processed Article: Union Budget 2024-25: Investment provisions in ‘AI for India’ from indiatimes.com
2024-10-02 10:19:56,132 - INFO - Processed Article: Startups: Startups, IT Firms Push for Policy Reform & Incentives from indiatimes.com
2024-10-02 10:19:56,718 - INFO - Processed Article: Budget 2024: Where, how to watch finance minister Sitharaman's live speech on Feb 1 from indiatimes.com
2024-10-02 10:19:57,023 - INFO - Processed Article: “Simplifying TDS, thrust on CapEx to continue…” IMFA MD Subhrakant Panda shares expectations from Budget 2024 from indiatimes.com
2024-10-02 10:19:57,421 - INFO - Processed Article: Budget 2024: FM Nirmala Sitharaman may target Rs 70,000 crore dividend from RBI, banks and FIs from indiatimes.com
2024-10-02 10:19:59,469 - INFO - Processed Article: Budget 2024: Karnataka CM Siddaramaiah seeks AIIMS at Raichur from indiatimes.com
2024-10-02 10:20:00,308 - INFO - Processed Article: Interim Budget 2024: MSMEs demand FM’s attention to resolve bank loan ratings system issues from indiatimes.com
2024-10-02 10:20:00,804 - INFO - Processed Article: Union Budget 2024-25: Investment provisions in ‘AI for India’ from indiatimes.com
2024-10-02 10:20:01,283 - INFO - Processed Article: Interim Budget 2024: 10 terms every student must know before 1st February from indiatimes.com
2024-10-02 10:20:01,769 - INFO - Processed Article: Interim Union Budget 2024-25: The need for 6% of GDP in the Indian education sector, major roadblocks and more from indiatimes.com
2024-10-02 10:20:02,231 - INFO - Processed Article: Budget 2024: Date, Time, Live Speech by FM Sitharaman from indiatimes.com
2024-10-02 10:20:04,457 - INFO - Processed Article: budget: Bharatiya Chai Parishad pins hope on Interim Budget 2024 to seeks export promotion policy for tea industry from indiatimes.com
2024-10-02 10:20:05,109 - INFO - Processed Article: Budget 2024 ammo for India to win real estate battle over injured China from indiatimes.com
2024-10-02 10:20:07,275 - INFO - Processed Article: Expect volatility to continue as prudent investors lock in profits ahead of Budget 2024: Aamar Deo, Angel One from indiatimes.com
2024-10-02 10:20:09,044 - INFO - Processed Article: Budget 2024: The indirect tax changes the government should look to introduce from indiatimes.com
2024-10-02 10:20:10,724 - INFO - Processed Article: Budget 2024: Government may set higher dividend target at Rs 70,000 crore from RBI, banks and FIs from indiatimes.com
2024-10-02 10:20:11,328 - INFO - Processed Article: Interim Budget 2024 wish list: What do experts expect for the education sector? from indiatimes.com
2024-10-02 10:20:11,826 - INFO - Processed Article: Budget 2024 expectations: Mutual fund managers share views from indiatimes.com
2024-10-02 10:20:12,235 - INFO - Processed Article: Budget 2024 Income Tax: How New Tax Regime With Tweaks Is Beneficial from indiatimes.com
2024-10-02 10:20:15,271 - INFO - Processed Article: Budget 2024 Expectations Highlights: Will FM Nirmala Sitharaman bring cheer to the common man? from indiatimes.com
2024-10-02 10:20:15,943 - INFO - Processed Article: Budget 2024 Expectations: Auto companies seek continued push to green mobility, infrastructure development from indiatimes.com
2024-10-02 10:20:16,434 - INFO - Processed Article: Union Budget 2024: 5 expectations of the EdTech sector this year from indiatimes.com
2024-10-02 10:20:17,088 - INFO - Processed Article: Budget 2024: Automobile sector calls for continued support for green mobility from indiatimes.com
2024-10-02 10:20:17,811 - INFO - Processed Article: Interim Budget 2024: Which segments of the education sector need special focus? from indiatimes.com
2024-10-02 10:20:18,512 - INFO - Processed Article: 4 ways Budget 2024 can boost food and agriculture sector in India from indiatimes.com
2024-10-02 10:20:19,102 - INFO - Processed Article: Union Budget 2024: Consumer electronics, durables’ industry expectations from indiatimes.com
2024-10-02 10:20:19,613 - INFO - Processed Article: Budget 2024: The need for a Budget of, by and for the middle class of the Republic of India from indiatimes.com
2024-10-02 10:20:20,202 - INFO - Processed Article: Interim Budget 2024: Education Budget Highlights Under Modi Government from indiatimes.com
2024-10-02 10:20:20,659 - INFO - Processed Article: Union Budget 2024: Education Sector Eyes Enhanced Budget, Digital Advancements from indiatimes.com
2024-10-02 10:20:21,211 - INFO - Processed Article: What Budget 2024 may credit in account for banking of the future from indiatimes.com
2024-10-02 10:20:21,668 - INFO - Processed Article: Union Budget 2024: Will the government increase cybersecurity spending ? from indiatimes.com
2024-10-02 10:20:24,967 - INFO - Processed Article: Budget 2024 Highlights: Tax cuts, jobs, and reforms; Here's what India wants from Nirmala Sitharaman on Feb 1 from indiatimes.com
2024-10-02 10:20:25,433 - INFO - Processed Article: Budget 2024: FM Nirmala Sitharaman hints at govt's four focus areas ahead of Feb 1 from indiatimes.com
2024-10-02 10:20:26,149 - INFO - Processed Article: Budget 2024 Income Tax: How income taxpayers can be given tax relief - Top steps for FM Sitharaman to consider from indiatimes.com
2024-10-02 10:20:26,603 - INFO - Processed Article: Budget 2024: EV industry awaits FAME-II extension, reduced GST on li-ion batteries, and more from indiatimes.com
2024-10-02 10:20:27,126 - INFO - Processed Article: Interim Budget 2024: FICCI advocates measures in comprehensive budget recommendations for 2024-25 from indiatimes.com
2024-10-02 10:20:29,894 - INFO - Processed Article: Budget 2024 Expectations Highlights: Interim budget to reduce fiscal deficit in election year from indiatimes.com
2024-10-02 10:20:30,391 - INFO - Processed Article: Interim Budget: Expectations soar as agriculture and healthcare industry weigh in on union budget 2024-25 from indiatimes.com
2024-10-02 10:20:33,353 - INFO - Processed Article: Union Budget 2024: FM Nirmala Sitharaman participates in customary 'Halwa ceremony' from indiatimes.com
2024-10-02 10:20:38,685 - INFO - Processed Article: Finance minister Nirmala Sitharaman performs customary 'Halwa ceremony' ahead of Union Budget 2024 from indiatimes.com
2024-10-02 10:20:42,224 - INFO - Processed Article: Union Budget 2024: What is a budget gap? How does the govt fill it? from indiatimes.com
2024-10-02 10:20:44,362 - INFO - Processed Article: Budget 2024: Sitharaman may significantly enhance allocation for farm sector schemes from indiatimes.com
2024-10-02 10:20:44,739 - INFO - Processed Article: Budget 2024: What is halwa ceremony? Final stage preparations for Interim Budget begin - FAQs answered from indiatimes.com
2024-10-02 10:20:45,264 - INFO - Processed Article: FM seals the Interim Union Budget 2024 with Halwa ceremony from indiatimes.com
2024-10-02 10:20:48,396 - INFO - Processed Article: Union Budget 2024: What is a budget gap? How does the govt fill it? from indiatimes.com
2024-10-02 10:20:48,895 - INFO - Processed Article: Government may focus on 3 issues in Interim Budget 2024: Rumki Majumdar, Deloitte India from indiatimes.com
2024-10-02 10:20:49,427 - INFO - Processed Article: Union Budget 2024: What is 'halwa ceremony' and why it is important from indiatimes.com
2024-10-02 10:20:50,046 - INFO - Processed Article: Union Budget 2024: Education Sector Anticipates Higher Budget Allocation and Emphasis on Digital Infrastructure from indiatimes.com
2024-10-02 10:20:50,459 - INFO - Processed Article: Budget 2024: FM Sitharaman urged to introduce NPS-style scheme for child education beyond Sukanya Samriddhi Yojana from indiatimes.com
2024-10-02 10:20:51,087 - INFO - Processed Article: Budget 2024: If not you, your domestic help may be happy with the budget from indiatimes.com
2024-10-02 10:20:51,615 - INFO - Processed Article: Budget 2024: Is Modi govt's pet scheme still strong enough to make India a manufacturing giant? from indiatimes.com
2024-10-02 10:20:52,104 - INFO - Processed Article: Budget 2024: A perspective on direct tax to ponder from indiatimes.com
2024-10-02 10:20:53,846 - INFO - Processed Article: Budget 2024: Govt likely to maintain capex momentum in FY25 from indiatimes.com
2024-10-02 10:20:56,656 - INFO - Processed Article: Budget 2024 Expectations Highlights: Will the Interim Budget tilt towards populism with big bang announcements? from indiatimes.com
2024-10-02 10:20:58,452 - INFO - Processed Article: Budget 2024: MSME expects special package from Sitharaman on February 1 from indiatimes.com
2024-10-02 10:20:58,919 - INFO - Processed Article: Budget 2024: Nari-shakti may drive Bharat's moment in the world order from indiatimes.com
2024-10-02 10:20:59,418 - INFO - Processed Article: Budget 2024: Key Factors Investors Should Watch Out For from indiatimes.com
2024-10-02 10:21:00,044 - INFO - Processed Article: What Indian crypto industry is hoping for from Budget 2024? Here's the wishlist from indiatimes.com
2024-10-02 10:21:02,293 - INFO - Processed Article: Budget 2024: Insurance cover under Ayushman Bharat health insurance scheme likely to be doubled from indiatimes.com
2024-10-02 10:21:02,825 - INFO - Processed Article: Budget 2024 income tax: Section 80C limit needs to be hiked; here’s why from indiatimes.com
2024-10-02 10:21:05,176 - INFO - Processed Article: Expectations in the interim budget 2024-25 from indiatimes.com
2024-10-02 10:21:06,967 - INFO - Processed Article: Budget 2024: Pharma industry seeks incentives for R&D, conducive policies from indiatimes.com
2024-10-02 10:21:08,762 - INFO - Processed Article: Measures Modi govt needs to take in Budget 2024 to keep Indian economy on track from indiatimes.com
2024-10-02 10:21:09,227 - INFO - Processed Article: Income Tax in Budget 2024: Will standard deduction limit be hiked from Rs 50,000 to help salaried taxpayers? from indiatimes.com
2024-10-02 10:21:09,808 - INFO - Processed Article: Union Budget 2024: What is in store for Indian banks? from indiatimes.com
2024-10-02 10:21:10,245 - INFO - Processed Article: Union Budget 2024 fiscal deficit target: Will FM Sitharaman prioritise fiscal responsibility once again? from indiatimes.com
2024-10-02 10:21:12,009 - INFO - Processed Article: Union Budget 2024: Will FM Sitharaman address the complexities in India's tax system? from indiatimes.com
2024-10-02 10:21:12,401 - INFO - Processed Article: Budget 2024: These cities should be included in 50% HRA tax exemption list from indiatimes.com
2024-10-02 10:21:12,824 - INFO - Processed Article: Budget 2024: How Modi government’s unprecedented capex push in last year’s budget has helped from indiatimes.com
2024-10-02 10:21:13,393 - INFO - Processed Article: Budget 2024: India's no longer 'fragile', can weather global market volatility from indiatimes.com
2024-10-02 10:21:13,987 - INFO - Processed Article: Budget 2024: Making of the Union Budget decoded in steps from indiatimes.com
2024-10-02 10:21:16,396 - INFO - Processed Article: Budget 2024: What is Economic Survey? When is it presented? from indiatimes.com
2024-10-02 10:21:16,809 - INFO - Processed Article: Budget 2024: What is Economic Survey? When is it presented? from indiatimes.com
2024-10-02 10:21:17,417 - INFO - Processed Article: Budget 2024 needs to offer travel & tourism policy reforms for India's next big destination from indiatimes.com
2024-10-02 10:21:19,421 - INFO - Processed Article: Who will present Interim Budget 2024 and how is it prepared? from indiatimes.com
2024-10-02 10:21:21,344 - INFO - Processed Article: Who will present Interim Budget 2024, and how is it prepared? from indiatimes.com
2024-10-02 10:21:21,930 - INFO - Processed Article: Who will present Interim Budget 2024 and how is it prepared? from indiatimes.com
2024-10-02 10:21:24,295 - INFO - Processed Article: Union Budget 2024: Key points and key facts that you should know in simple terms from indiatimes.com
2024-10-02 10:21:24,840 - INFO - Processed Article: Budget 2024 date and time: Here are the most common Budget FAQs from indiatimes.com
2024-10-02 10:21:25,576 - INFO - Processed Article: Union Budget 2024: Key points and key facts that you should know in simple terms from indiatimes.com
2024-10-02 10:21:26,168 - INFO - Processed Article: Union Budget 2024: Key points and key facts that you should know in simple terms from indiatimes.com
2024-10-02 10:21:26,781 - INFO - Processed Article: Budget 2024: Focus on new income tax regime, faster processing of refunds expected from indiatimes.com
2024-10-02 10:21:29,167 - INFO - Processed Article: Who will present Budget 2024, and how is it prepared? from indiatimes.com
2024-10-02 10:21:29,729 - INFO - Processed Article: Who will present Budget 2024, and how is it prepared? from indiatimes.com
2024-10-02 10:21:32,396 - INFO - Processed Article: Budget 2024 date and time: Here're answers to common budget-related questions from indiatimes.com
2024-10-02 10:21:32,856 - INFO - Processed Article: Budget 2024 date and time: Here're answers to common budget-related questions from indiatimes.com
2024-10-02 10:21:33,318 - INFO - Processed Article: Budget 2024: Big Relief To Indian Taxpayers from indiatimes.com
2024-10-02 10:21:33,735 - INFO - Processed Article: Budget 2024: What's Costlier & Cheaper from indiatimes.com
2024-10-02 10:21:36,189 - INFO - Processed Article: Budget 2024: Govt Abolishes 'Angel Tax' from indiatimes.com
2024-10-02 10:21:36,636 - INFO - Processed Article: Budget 2024: Modi Govt Rains Cash On Andhra & Bihar from indiatimes.com
2024-10-02 10:21:37,170 - INFO - Processed Article: Budget 2024: ₹15,000 Govt Incentive For Salaried Class from indiatimes.com
2024-10-03 18:56:37,726 - INFO - Processed Article: Income Tax Slabs Post Budget 2024: New Tax Regime Vs Old Tax Regime, Which One Is Beneficial for You? from news18.com
2024-10-03 18:56:38,333 - INFO - Processed Article: Nirmala Sitharaman In Lok Sabha: No State Has Been Denied Money In Budget 2024 from news18.com
2024-10-03 18:56:39,643 - INFO - Processed Article: 'Taxes Like England, Services Like Somalia': AAP's Raghav Chadha Attacks Modi Govt's Budget 2024 from news18.com
2024-10-03 18:56:40,249 - INFO - Processed Article: All Doubts Cleared: Govt Issues FAQs On Capital Gains Tax Rules Announced In Budget 2024 from news18.com
2024-10-03 18:56:40,786 - INFO - Processed Article: Budget 2024: 10 Thriving Economies That Don't Levy Any Income Tax on Its Citizens from news18.com
2024-10-03 18:56:41,290 - INFO - Processed Article: Budget 2024: How Indexation Changes Bring Relief For Gold ETFs, FoFs, International Funds from news18.com
2024-10-03 18:56:42,038 - INFO - Processed Article: In Budget 2024, Nirmala Sitharaman Lists 9 Priorities, 4 Pillars of Modi Sarkar from news18.com
2024-10-03 18:56:42,461 - INFO - Processed Article: LTCG, STCG Raised: Capital Gains Get Taxing in Budget 2024, Market Reacts With Losses from news18.com
2024-10-03 18:56:43,629 - INFO - Processed Article: This Year I've Provided ₹11.11 Lakh For Capital Expenditure": FM Sitharaman - News18 from news18.com
2024-10-03 18:56:44,348 - INFO - Processed Article: Union Budget 2024: Nirmala Sitharaman Copied Internship and ELI Schemes From Our Election Manifesto, Says Congress from news18.com
2024-10-03 18:56:44,946 - INFO - Processed Article: Union Budget 2024 LIVE Streaming: Watch the Budget Session Live Here from news18.com
2024-10-03 18:56:45,598 - INFO - Processed Article: Budget 2024: FM Nirmala Sitharaman, Draped in White & Magenta Silk Saree, Poses With Tablet in Red Sleeve from news18.com
2024-10-03 18:56:46,410 - INFO - Processed Article: Budget 2024: 'This Is An Era Of Industry 4.0 And We Are Ready For It,' Says FM Sitharaman After Budget Announcement from news18.com
2024-10-03 18:56:46,762 - INFO - Processed Article: ‘Special Status’ Out, ‘Special Funds’ In: How Modi Govt Bypassed Big Hurdle in Budget 2024 to Help Bihar, Andhra from news18.com
2024-10-03 18:56:47,170 - INFO - Processed Article: Complete PDF Download for Budget 2024-25 Changes: Key Highlights and Official Documents from news18.com
2024-10-03 18:56:47,806 - INFO - Processed Article: Union Budget 2024: Why Has FM Announced Cut In Customs Duty On These Items? What Is Cheaper Now? from news18.com
2024-10-03 18:56:48,347 - INFO - Processed Article: Union Budget 2024: At Rs 11.11 Lakh Crore, No Change from Interim Budget in Outlay for Infra from news18.com
2024-10-03 18:56:49,480 - INFO - Processed Article: Real Estate: Budget 2024 May Reduce Holding Period for LTCG Tax to 12 Months from news18.com
2024-10-03 18:56:50,219 - INFO - Processed Article: How Startups, Economists, Industrialists React to Budget 2024 Announcements? from news18.com
2024-10-03 18:56:51,172 - INFO - Processed Article: Budget 2024: Good News for Start-Ups as Nirmala Sitharaman Scraps Angel Tax. Here's What It Means from news18.com
2024-10-03 18:56:52,147 - INFO - Processed Article: Budget 2024 Income Tax Slabs: Changes In New Tax Regime And What Happens To The Old Regime Explained from news18.com
2024-10-03 18:56:55,651 - INFO - Processed Article: Union Budget 2024: Govt to Exempt Three More Cancer Drugs from Customs Duty from news18.com
2024-10-03 18:56:57,384 - INFO - Processed Article: Income Tax Budget 2024: Relief For Salaried Class As FM Revises Tax Slabs, Should Taxpayers Shift To New Tax Regime? from news18.com
2024-10-03 18:56:58,085 - INFO - Processed Article: From Income Tax Tweak To Jobs Push and Duty Cuts On Gold, Mobile Phones: Top Points From Budget 2024-25 from news18.com
2024-10-03 18:56:58,990 - INFO - Processed Article: Budget 2024 Highlights: New Tax Slabs Announced, Capital Gains Taxes Hiked; New Regime is The Way to Go, Says FM Sitharaman from news18.com
2024-10-03 18:56:59,898 - INFO - Processed Article: Budget 2024: How Govt Is Planning To Create More Jobs And Upskill Youth, 3 New Schemes Explained from news18.com
2024-10-03 18:57:06,327 - INFO - Processed Article: 'Must Keep Tax Structure Simple to Expand Tax Base': Ex-NITI Aayog Vice-Chairman Rajiv Kumar's Lowdown Ahead of Budget 2024 from news18.com
2024-10-03 18:57:06,854 - INFO - Processed Article: Defence Stock Picks Ahead of Budget 2024: Analysts' Pick HAL, BEL, Azad Engineering, Others from news18.com
2024-10-03 18:57:07,439 - INFO - Processed Article: Income Tax Slabs: Will FM Nirmala Sitharaman Change Tax Rates in Budget 2024? from news18.com
2024-10-03 18:57:08,405 - INFO - Processed Article: How Will Budget 2024-25 Impact You? Key Things to Watch Out For in FM Sitharaman's Speech from news18.com
2024-10-03 18:57:09,187 - INFO - Processed Article: Budget 2024 Date & Time: Where, When and How To Watch FM Sitharaman's Speech? from news18.com
2024-10-03 18:57:10,012 - INFO - Processed Article: Income Tax Changes In Last 3 Union Budgets and Expectations From Budget 2024 from news18.com
2024-10-03 18:57:11,430 - INFO - Processed Article: FM Sitharaman Set To Present Union Budget 2024-25: From Sector Expectations To Key Numbers, All You Need To Know from news18.com
2024-10-03 18:57:11,959 - INFO - Processed Article: How Will Budget 2024-25 Impact You? Key Things to Watch Out For in FM Sitharaman's Speech from news18.com
2024-10-03 18:57:12,470 - INFO - Processed Article: Union Budget 2024 To Be Presented In Lok Sabha: Here Are Some Interesting Facts from news18.com
2024-10-03 18:57:13,512 - INFO - Processed Article: With Budget 2024 FM Nirmala Sitharaman Is Set To Create History; Here's How from news18.com
2024-10-03 18:57:13,806 - INFO - Processed Article: Defence Minister Rajnath Singh Arrives At All Party Meet from news18.com
2024-10-03 18:57:14,519 - INFO - Processed Article: Budget 2024 Expectations: Investment In Oil Exploration, Tax Rebate On Solar, Energy Sector Wish-list from news18.com
2024-10-03 18:57:14,889 - INFO - Processed Article: Budget 2024: Historical Stock Market Movements on Budget Days Since 2013 from news18.com
2024-10-03 18:57:15,979 - INFO - Processed Article: Budget 2024 Expectations Highlights: Will Govt Bring Changes In Old and New Tax Regimes? from news18.com
2024-10-03 18:57:16,526 - INFO - Processed Article: Budget 2024: Will FM Sitharaman Announce Major Income Tax Changes In Budget 2024? from news18.com
2024-10-03 18:57:17,322 - INFO - Processed Article: Budget 2024 Stock Picks: Axis Securities Bets On Hero MotoCorp, Nestle, UltraTech And More from news18.com
2024-10-03 18:57:18,041 - INFO - Processed Article: Union Budget 2024 Expectations: Middle Class Wants Exemptions, Tax Cuts from news18.com
2024-10-03 18:57:18,726 - INFO - Processed Article: Budget 2024 Expectations: Affordable Healthcare, Subsidies On Check-ups, GST Relief Key Demands from news18.com
2024-10-03 18:57:19,620 - INFO - Processed Article: Union Budget 2024: Expectations, Date, Time, Where to Watch, Key Facts, Here's All You Need to Know from news18.com
2024-10-03 18:57:20,229 - INFO - Processed Article: Budget 2024 Highlights: Will FM Sitharaman Increase Healthcare Spend? from news18.com
2024-10-03 18:57:20,918 - INFO - Processed Article: Union Budget 2024: 7 Stocks To Add To Your Portfolio For Up To 22% Upside from news18.com
2024-10-03 18:57:22,322 - INFO - Processed Article: Budget 2024: Halwa Ceremony Held To Mark Final Stage of Budget Preparation Process from news18.com
2024-10-03 18:57:22,901 - INFO - Processed Article: Budget 2024: Subsidies On Green Energy, Tax Benefits On MSMEs Wishlist From FM Sitharaman from news18.com
2024-10-03 18:57:23,438 - INFO - Processed Article: From Consumption lift To Infra Boost: Budget 2024 Likely To Be Focused On These 5 Themes from news18.com
2024-10-03 18:57:23,834 - INFO - Processed Article: Budget 2024: Economists Expect Policy Continuity, Ease of Doing Business, and Fiscal Discipline from news18.com
2024-10-03 18:57:24,974 - INFO - Processed Article: Budget 2024 Likely To Bring Tax Relief For Middle Class; Here's What Experts Say from news18.com
2024-10-03 18:57:25,770 - INFO - Processed Article: Union Budget 2024 Expectations LIVE: Will FM Sitharaman Announce Income Tax Relief? from news18.com
2024-10-03 18:57:26,378 - INFO - Processed Article: Budget 2024 Expectations: Tax Practitioners Urge Govt To Rationalise Personal Income Tax from news18.com
2024-10-03 18:57:27,434 - INFO - Processed Article: Union Budget 2024 Expectations LIVE: Will FM Nirmala Sitharaman Increase Section 80C Deduction Limit? from news18.com
2024-10-03 18:57:28,188 - INFO - Processed Article: Budget 2024 Expectations LIVE: FM Sitharaman To Push Manufacturing, Job Creation from news18.com
2024-10-03 18:57:28,609 - INFO - Processed Article: Budget 2024: Paving Way For A Unified Landscape In The Oil And Gas Sector from news18.com
2024-10-03 18:57:29,049 - INFO - Processed Article: Budget 2024: Income Tax Expectations From Finance Minister Nirmala Sitharaman from news18.com
2024-10-03 18:57:29,989 - INFO - Processed Article: How Union Budget 2024 Can Supercharge India’s Fintech Sector from news18.com
2024-10-03 18:57:30,844 - INFO - Processed Article: PM Modi, FM Sitharaman Meet Top Economists Ahead Of Budget 2024; Job Creation On The Agenda from news18.com
2024-10-03 18:57:32,439 - INFO - Processed Article: GST Cut On Life Insurance, Tax Exemption On Health Plans; Top Demands From Budget 2024 from news18.com
2024-10-03 18:57:33,300 - INFO - Processed Article: Budget 2024: Govt May Relax 45-day Payment Rule For MSMEs from news18.com
2024-10-03 18:57:33,969 - INFO - Processed Article: What Will India's Energy Sector Get From Budget 2024? Check Top Expectations from news18.com
2024-10-03 18:57:34,481 - INFO - Processed Article: Budget 2024: Healthcare Sector Seeks GST Relief, Incentives In R&D, Local Manufacturing from news18.com
2024-10-03 18:57:35,657 - INFO - Processed Article: RVNL, IRFC, IRCTC Surge Up To 16% Ahead Of The Union Budget 2024; Know Why from news18.com
2024-10-03 18:57:36,488 - INFO - Processed Article: Union Budget 2024: Expectations Fly High As FM Nirmala Sitharaman Concludes Consultations from news18.com
2024-10-03 18:57:37,437 - INFO - Processed Article: Budget 2024: Jobs, Rural India Likely To Be Focus Of Modi Government, Says Goldman Sachs from news18.com
2024-10-03 18:57:38,124 - INFO - Processed Article: 8th Pay Commission, DA Arrears, Old Pension Scheme: Govt Employee Union Has 7 Demands Ahead of Budget 2024 from news18.com
2024-10-03 18:57:38,928 - INFO - Processed Article: Budget 2024: Govt Mulls Doubling Ayushman Bharat Beneficiaries, Insurance Amount from news18.com
2024-10-03 18:57:39,532 - INFO - Processed Article: Budget 2024: DPIIT Recommends Removal Of Angel Tax On Startups from news18.com
2024-10-03 18:57:40,386 - INFO - Processed Article: Budget 2024 Expectations: Pharma Sector Seeks Tax Benefits, Effective Intellectual Property Rights Regime from news18.com
2024-10-03 18:57:41,350 - INFO - Processed Article: News18 Evening Digest: PM Modi Dials New British Prime Minister; Budget 2024 Date Announced And Other Top Stories from news18.com
2024-10-03 18:57:41,804 - INFO - Processed Article: Budget 2024: Income Tax Standard Deduction For Salaried Employees May Rise To Rs 1 Lakh from news18.com
2024-10-03 18:57:42,221 - INFO - Processed Article: Budget 2024 Date Announced: FM Sitharaman To Present Union Budget On July 23 from news18.com
2024-10-03 18:57:42,655 - INFO - Processed Article: Real Estate Expectations from Budget 2024-25: Industry Status, Tax Reliefs, and Affordable Housing Initiatives from news18.com
2024-10-03 18:57:43,287 - INFO - Processed Article: Budget 2024 Expectations: Will FM Reduce GST On Health Policies? Here’s What Insurers Want from news18.com
2024-10-03 18:57:44,089 - INFO - Processed Article: Budget 2024: From Interest Subsidy To Tax Relief, Housing Sector Expects Growth and Stability from news18.com
2024-10-03 18:57:44,718 - INFO - Processed Article: Budget 2024 & Gig Economy: Industry Suggests Safety Net, Skills For Workers from news18.com
2024-10-03 18:57:45,483 - INFO - Processed Article: Historic Steps Will Be Taken In Budget 2024, Reforms To Be Fast-tracked: President Droupadi Murmu from news18.com
2024-10-03 18:57:45,960 - INFO - Processed Article: Budget 2024: Will Govt Hike Rs 1.5 Lakh Limit Under Section 80C Of Income Tax Act? from news18.com
2024-10-03 18:57:47,380 - INFO - Processed Article: Budget 2024 Expectations: MSME, Exporters List Demands, Agriculture Pushes For Research Funding from news18.com
2024-10-03 18:57:47,822 - INFO - Processed Article: Budget 2024-25 Likely to Include IREDA, HUDCO Under Section 54EC of IT Act To Facilitate Cheaper Funds from news18.com
2024-10-03 18:57:48,489 - INFO - Processed Article: Budget 2024 Expectations: From Tax Relief, Old Pension Scheme To 8th Pay Commission from news18.com
2024-10-03 18:57:49,083 - INFO - Processed Article: Lottery-Like Taxation On F&O Trading: Why Is Govt Likely To Impose Higher Tax In Upcoming Budget 2024? from news18.com
2024-10-03 18:57:49,671 - INFO - Processed Article: Budget 2024 Date: FM Nirmala Sitharaman Likely To Present Full Budget On July 23 from news18.com
2024-10-03 18:57:50,085 - INFO - Processed Article: Union Budget 2024: FM Nirmala Sitharaman Chairs Meeting With State Finance Ministers from news18.com
2024-10-03 18:57:50,553 - INFO - Processed Article: Budget 2024 Expectations: Will Housing Sector Get Tax Relief, Industry Status To Real Estate? from news18.com
2024-10-03 18:57:50,971 - INFO - Processed Article: Budget 2024 Likely To Be Presented on July 22; Economic Survey on July 3 from news18.com
2024-10-03 18:57:51,553 - INFO - Processed Article: Budget 2024 Prep Begins, Quarantine Starts At Finance Ministry, Know What Happens Now from news18.com
2024-10-03 18:57:52,201 - INFO - Processed Article: Budget 2024: FinMin Enters Quarantine Period As Process Begins, But When Will It Be Announced? Check Details from news18.com
2024-10-03 18:57:52,673 - INFO - Processed Article: Budget 2024: FM Nirmala Sitharaman To Present Budget Twice This Year, Here's Why from news18.com
2024-10-03 18:57:53,644 - INFO - Processed Article: Personal Taxation Announcements in Interim Budget 2024: All You Need To Know from news18.com
2024-10-03 18:57:54,209 - INFO - Processed Article: A Day After Budget 2024, Nifty Hits All-Time High Level, Sensex Skyrockets 1,444 Points from news18.com
2024-10-03 18:57:54,843 - INFO - Processed Article: Nirmala Sitharaman To Present The Interim Budget from news18.com
2024-10-03 18:57:55,399 - INFO - Processed Article: Budget 2024: No Change in 2023 Prices; A Look at Last 5 Years' List of What's Cheaper & Dearer from news18.com
2024-10-03 18:57:56,062 - INFO - Processed Article: Budget 2024: Income Tax Slabs, New vs Old Regime Compared For You from news18.com
2024-10-03 18:57:56,662 - INFO - Processed Article: Union Budget 2024 Live Streaming: When & Where To Watch FM Nirmala Sitharaman's Interim Budget Speech from news18.com
2024-10-03 18:57:57,089 - INFO - Processed Article: Budget 2024: What Is Sin Tax? Know How It’s Linked With GST from news18.com
2024-10-03 18:57:57,551 - INFO - Processed Article: Budget 2024: What Is 'Bahi Khata'? A Look At How Budget Briefcase Has Evolved from news18.com
2024-10-03 18:57:58,138 - INFO - Processed Article: Budget 2024: Govt May Set Higher Dividend Target at Rs 70,000 Crore from RBI, Banks and FIs from news18.com
2024-10-03 18:57:59,083 - INFO - Processed Article: Interim Budget 2024: E-Commerce Expects Simplified Regulatory Rules, Skill Development, MSME Support from news18.com
2024-10-03 18:58:00,973 - INFO - Processed Article: Budget 2024 Expectations: What Will Be Added In E-commerce Cart By FM? from news18.com
2024-10-03 18:58:01,846 - INFO - Processed Article: Interim Budget 2024: Auto Companies Seek Continued Push to Green Mobility, Infra Development from news18.com
2024-10-03 18:58:02,653 - INFO - Processed Article: Interim Budget 2024 Wishlist: Insurance Industry Expects Higher Deductions for Medical Insurance Premiums from news18.com
2024-10-03 18:58:03,333 - INFO - Processed Article: Budget 2024 BTS: 'Desi Kadhai' In Finance Ministry, What Is Halwa Ceremony & Why Is It Important? from news18.com
2024-10-03 18:58:04,443 - INFO - Processed Article: Budget 2024 Expectations: Job Security, Tax Cuts, GenZs Hope Big From Union Budget from news18.com
2024-10-03 18:58:05,084 - INFO - Processed Article: Interim Budget 2024 Final Preparations Begins With Halwa Ceremony from news18.com
2024-10-03 18:58:06,634 - INFO - Processed Article: Budget 2024: Will the New Central KYC be the Game-Changer for India’s Financial Landscape? from news18.com
2024-10-03 18:58:07,598 - INFO - Processed Article: Budget 2024 Expectations Real Estate: Rise Of Home Loan Cap, Interest Subsidy & ITC from news18.com
2024-10-03 18:58:08,342 - INFO - Processed Article: Budget 2024 Expectations Healthcare: 'GST Relief, More Allocation & Infrastructure In Small Towns' from news18.com
2024-10-03 18:58:08,927 - INFO - Processed Article: Budget 2024 Wishlist: Gem & Jewellery Sector Urges For Duty Cuts On Gold, Cut & Polished Diamonds from news18.com
2024-10-03 18:58:09,696 - INFO - Processed Article: Budget 2024 Expectations: Will EV Sector Get More FAME On February 1? Know What Industry Wants from news18.com
2024-10-03 18:58:10,410 - INFO - Processed Article: Budget 2024: Meet Nirmala Sitharaman's Key Team in Shaping Interim Budget This Year from news18.com
2024-10-03 18:58:11,093 - INFO - Processed Article: Budget 2024: Hike Tax On Tobacco Products, Urges Doctors & Public Health Groups from news18.com
2024-10-03 18:58:11,094 - INFO - Processing complete. Results saved in 'processed_media_data_news18.csv'
