2024-10-02 09:36:28,058 - INFO - Processed Article: FM Nirmala Sitharaman on Budget 2024: Union Budget strikes a fine balance between growth, employment, capital investment, and fiscal consolidation from thehindu.com
2024-10-02 09:36:28,430 - INFO - Processed Article: Parliament Monsoon Session Highlights: Opposition MPs raise Delhi coaching centre deaths from thehindu.com
2024-10-02 09:36:28,609 - INFO - Processed Article: What are the political implications? - The Hindu from thehindu.com
2024-10-02 09:36:28,806 - INFO - Processed Article: Budget 2024: New job schemes to kick off this year, says Finance Secretary T.V. Somanathan from thehindu.com
2024-10-02 09:36:28,996 - INFO - Processed Article: Union Budget 2024: Real estate sees marginal benefits from thehindu.com
2024-10-02 09:36:29,236 - INFO - Processed Article: Budget 2024: Congress to protest against Centre in Chennai on July 27 from thehindu.com
2024-10-02 09:36:29,425 - INFO - Processed Article: ëBudget 2024-25 transformative, forward lookingí from thehindu.com
2024-10-02 09:36:29,582 - INFO - Processed Article: Budget 2024 Analysis: A look at the sector-wise allocations in ten charts from thehindu.com
2024-10-02 09:36:29,745 - INFO - Processed Article: Budget 2024: DMK to hold State-wide demonstration in T.N. on July 27 from thehindu.com
2024-10-02 09:36:30,043 - INFO - Processed Article: Budget 2024: Hemant Soren accuses Centre of neglecting Jharkhand from thehindu.com
2024-10-02 09:36:30,405 - INFO - Processed Article: Union Budget 2024: Stock Markets still sour after tax hike on equity investments, Nifty, Sensex fall marginally from thehindu.com
2024-10-02 09:36:30,833 - INFO - Processed Article: Basic Custom Duty for Mobile, Budget 2024: Nirmala Sitharaman announces duty cut on mobile phones, PCBA and chargers from thehindu.com
2024-10-02 09:36:31,007 - INFO - Processed Article: Budget 2024-25: Investors from thehindu.com
2024-10-02 09:36:31,220 - INFO - Processed Article: Union Budget 2024-25: FM Sithraman says India to prepare climate finance taxonomy from thehindu.com
2024-10-02 09:36:31,621 - INFO - Processed Article: Key Highlights of Union Budget 2024: Focus on employment, skilling, MSME and middle class; income tax structure under new regime revised from thehindu.com
2024-10-02 09:36:31,824 - INFO - Processed Article: Union Budget 2024: Nirmala Sitharaman scraps Angel Tax on foreign investments amid startup funding winter from thehindu.com
2024-10-02 09:36:32,003 - INFO - Processed Article: Budget 2024-25: Social sector from thehindu.com
2024-10-02 09:36:32,329 - INFO - Processed Article: Budget 2024: Fillip to clean energy schemes from thehindu.com
2024-10-02 09:36:32,481 - INFO - Processed Article: Union Budget 2024: Stock markets crash during Union Budget presentation from thehindu.com
2024-10-02 09:36:32,671 - INFO - Processed Article: Union Budget 2024-25: Union Cabinet, headed by PM Narendra Modi, approves full Budget for 2024-25 from thehindu.com
2024-10-02 09:36:32,878 - INFO - Processed Article: Union Budget 2024-25: Agriculture, Employment, Infrastructure feature in nine priorities of third NDA government from thehindu.com
2024-10-02 09:36:33,140 - INFO - Processed Article: Direct Taxes and Custom Duties Changes, Budget 2024 from thehindu.com
2024-10-02 09:36:33,307 - INFO - Processed Article: Budget 2024: What measures were announced for women? from thehindu.com
2024-10-02 09:36:33,484 - INFO - Processed Article: Budget 2024: Nirmala Sitharaman signals shift from earlier trickle-down strategy to a slew of schemes from thehindu.com
2024-10-02 09:36:33,723 - INFO - Processed Article: Budget 2024: Finance Minister Nirmala Sitharaman announces exemption of custom duties on critical minerals from thehindu.com
2024-10-02 09:36:33,910 - INFO - Processed Article: Budget 2024: Centre reduces customs duty on inputs for textile and leather industries from thehindu.com
2024-10-02 09:36:34,073 - INFO - Processed Article: Budget 2024: Meagre hike in funds for minority affairs from thehindu.com
2024-10-02 09:36:34,307 - INFO - Processed Article: Budget 2024: What is taxonomy for climate finance? from thehindu.com
2024-10-02 09:36:34,956 - INFO - Processed Article: Budget 2024: Telangana was handed a ëbig zeroí in Union Budget for 11th year, says BRS leader KTR from thehindu.com
2024-10-02 09:36:35,163 - INFO - Processed Article: Union Budget 2024-25: Government announces transit-oriented development plan for large cities from thehindu.com
2024-10-02 09:36:35,432 - INFO - Processed Article: Budget 2024: Glass both half-full and half-empty for science Ministries from thehindu.com
2024-10-02 09:36:35,672 - INFO - Processed Article: Budget 2024: Sukhvinder Singh Sukhu flays BJP-led government for ignoring disaster-hit Himachal from thehindu.com
2024-10-02 09:36:35,863 - INFO - Processed Article: Budget 2024: What is cheaper, what is costlier? from thehindu.com
2024-10-02 09:36:36,209 - INFO - Processed Article: Union Budget 2024-25: Big push for agriculture to improve productivity, revolutionise agricultural research from thehindu.com
2024-10-02 09:36:36,409 - INFO - Processed Article: Budget 2024 key takeaways in charts from thehindu.com
2024-10-02 09:36:36,598 - INFO - Processed Article: Budget 2024: West Bengal deprived, Budget politically biased says Mamata from thehindu.com
2024-10-02 09:36:36,830 - INFO - Processed Article: Budget 2024: Not a word of ëTelanganaí, says Irrigation Minister Uttam Kumar Reddy from thehindu.com
2024-10-02 09:36:37,292 - INFO - Processed Article: Budget 2024: Keralaís dream of AIIMS-like institution dashed again from thehindu.com
2024-10-02 09:36:37,605 - INFO - Processed Article: Union Budget 2024-25: Land reform measures to be undertaken consulting States, says Finance Minister in Budget speech from thehindu.com
2024-10-02 09:36:37,764 - INFO - Processed Article: Budget 2024: FM Nirmala Sitharaman says fiscal deficit for FY25 estimated to be 4.9% of GDP from thehindu.com
2024-10-02 09:36:38,010 - INFO - Processed Article: Budget 2024 Highlights on income tax: FM Sitharaman revises personal income tax slabs; taxation rates remain unchanged from thehindu.com
2024-10-02 09:36:38,259 - INFO - Processed Article: Union Budget 2024: Shares of shrimp products makers in heavy demand after Budget allocation from thehindu.com
2024-10-02 09:36:38,448 - INFO - Processed Article: LTCG STCG rates, Budget 2024: Tax rates on both short and long term capital gains raised with immediate effect from thehindu.com
2024-10-02 09:36:38,652 - INFO - Processed Article: Budget 2024: BJD flays Centre, says Odishaís ëspecial statusí demand ignored from thehindu.com
2024-10-02 09:36:39,012 - INFO - Processed Article: Budget 2024 for Tamil Nadu: Union Budget a mixed bag with no specific announcements from thehindu.com
2024-10-02 09:36:39,244 - INFO - Processed Article: Budget 2024 is growth-oriented, welfare-centric, people-friendly: Annamalai from thehindu.com
2024-10-02 09:36:39,412 - INFO - Processed Article: Budget 2024 date and time: When and where to watch the Union Budget on July 23, 2024? from thehindu.com
2024-10-02 09:36:39,585 - INFO - Processed Article: Watch: What do people think about Union Budget 2024? from thehindu.com
2024-10-02 09:36:39,779 - INFO - Processed Article: Watch: Budget 2024 Expectations: Insurance sector expectations from thehindu.com
2024-10-02 09:36:39,935 - INFO - Processed Article: Union Budget 2024-25: Nirmala Sitharaman to present Budget for a record seventh time in a row from thehindu.com
2024-10-02 09:36:40,171 - INFO - Processed Article: Budget 2024: JNU, DU hope for increased education funding to boost innovation, entrepreneurship from thehindu.com
2024-10-02 09:36:40,371 - INFO - Processed Article: Union Budget 2024: Kerala hopes for a better deal this time from thehindu.com
2024-10-02 09:36:40,618 - INFO - Processed Article: Watch: Union Budget 2024 | Railway budget projection from thehindu.com
2024-10-02 09:36:40,822 - INFO - Processed Article: Union Budget 2024: NBFC sector seeks more funds to improve liquidity, regulatory reforms from Budget from thehindu.com
2024-10-02 09:36:41,019 - INFO - Processed Article: Watch: Jamnagarís Bandhani saree makers hoping for government support: Union Budget 2024 from thehindu.com
2024-10-02 09:36:41,283 - INFO - Processed Article: Union Budget 2024 Expectations: Keep increasing road-infra spending, frame policies to promote electrification from thehindu.com
2024-10-02 09:36:41,442 - INFO - Processed Article: Budget 2024: Insurers expect more tax benefits for health insurance in Union budget from thehindu.com
2024-10-02 09:36:41,630 - INFO - Processed Article: Budget 2024: Pharma industry seeks tax benefits, effective intellectual property rights regime from thehindu.com
2024-10-02 09:36:41,878 - INFO - Processed Article: Union Budget 2024: Real estateís wishlist from thehindu.com
2024-10-02 09:36:42,236 - INFO - Processed Article: T.N. Budget 2024-25: A tightrope walk amid financial constraints from thehindu.com
2024-10-02 09:36:42,492 - INFO - Processed Article: Sops galore in West Bengal Budget 2024-25 ahead of Lok Sabha polls from thehindu.com
2024-10-02 09:36:42,711 - INFO - Processed Article: Kerala Budget 2024-25/ ëA Friendly Budgetí from thehindu.com
2024-10-02 09:36:42,917 - INFO - Processed Article: Budget 2024 on welfare schemes: Expenditure cut or remain stagnant, say Left parties from thehindu.com
2024-10-02 09:36:43,107 - INFO - Processed Article: Interim Union Budget 2024 | Economy from thehindu.com
2024-10-02 09:36:43,369 - INFO - Processed Article: Union Budget 2024: When and where to watch Finance Minister Nirmala Sitharamanís Budget speech - The Hindu from thehindu.com
2024-10-02 09:36:43,578 - INFO - Processed Article: Interim Budget 2024: What can it do for real estate? from thehindu.com
2024-10-02 09:36:43,788 - INFO - Processed Article: Budget 2024-25 may set 5.3% of GDP fiscal deficit goal: ICRA from thehindu.com
2024-10-02 09:36:43,788 - INFO - Processing complete. Results saved in 'processed_media_data_thehindu.csv'
2024-10-02 09:36:44,632 - INFO - Processed Article: Union Budget 2024: Impact of proposals and tax changes on propensity to save from financialexpress.com
2024-10-02 09:36:45,251 - INFO - Processed Article: Explaining Budget 2024 announcements on GST and custom duty from financialexpress.com
2024-10-02 09:36:48,959 - INFO - Processed Article: Union Budget 2024 rekindles hope for reforms in real estate from financialexpress.com
2024-10-02 09:36:49,403 - INFO - Processed Article: Critical Minerals in the Union Budget 2024-2025: Steering through the Headwinds from financialexpress.com
2024-10-02 09:36:54,836 - INFO - Processed Article: Union Budget 2024 ñ Buy-back tax: The debate continues from financialexpress.com
2024-10-02 09:37:01,549 - INFO - Processed Article: Assessing the Union Budget 2024-25 implications for real estate from financialexpress.com
2024-10-02 09:37:01,984 - INFO - Processed Article: Budget 2024: New capital gains taxation rules offer fresh opportunities for HNI investors ñ Hereís how from financialexpress.com
2024-10-02 09:37:08,484 - INFO - Processed Article: How Budget 2024 proposals will ease the cashflow for salaried taxpayers from financialexpress.com
2024-10-02 09:37:15,002 - INFO - Processed Article: Budget 2024: Pathway to a Viksit Bharat from financialexpress.com
2024-10-02 09:37:19,709 - INFO - Processed Article: Union Budget 2024: A blueprint for sustainable growth and development from financialexpress.com
2024-10-02 09:37:25,660 - INFO - Processed Article: Budget 2024: Bihar to Assam, these flood-prone states get key aid programme ñ details here from financialexpress.com
2024-10-02 09:37:26,060 - INFO - Processed Article: Union Budget 2024-25: A roadmap for inclusive growth from financialexpress.com
2024-10-02 09:37:26,540 - INFO - Processed Article: Railway Budget 2024: Ashwini Vaishnaw says Rs 15,940 crore allocated for Maharashtra projects, 250 new suburban services to be introduced from financialexpress.com
2024-10-02 09:37:42,319 - INFO - Processed Article: FM Nirmala Sitharaman on Budget 2024: Union Budget strikes a fine balance between growth, employment, capital investment, and fiscal consolidation from thehindu.com
2024-10-02 09:37:42,651 - INFO - Processed Article: Parliament Monsoon Session Highlights: Opposition MPs raise Delhi coaching centre deaths from thehindu.com
2024-10-02 09:37:42,805 - INFO - Processed Article: What are the political implications? - The Hindu from thehindu.com
2024-10-02 09:37:42,990 - INFO - Processed Article: Budget 2024: New job schemes to kick off this year, says Finance Secretary T.V. Somanathan from thehindu.com
2024-10-02 09:37:43,195 - INFO - Processed Article: Union Budget 2024: Real estate sees marginal benefits from thehindu.com
2024-10-02 09:37:43,337 - INFO - Processed Article: Budget 2024: Congress to protest against Centre in Chennai on July 27 from thehindu.com
2024-10-02 09:37:43,494 - INFO - Processed Article: ‚ÄòBudget 2024-25 transformative, forward looking‚Äô from thehindu.com
2024-10-02 09:37:43,667 - INFO - Processed Article: Budget 2024 Analysis: A look at the sector-wise allocations in ten charts from thehindu.com
2024-10-02 09:37:43,824 - INFO - Processed Article: Budget 2024: DMK to hold State-wide demonstration in T.N. on July 27 from thehindu.com
2024-10-02 09:37:43,980 - INFO - Processed Article: Budget 2024: Hemant Soren accuses Centre of neglecting Jharkhand from thehindu.com
2024-10-02 09:37:44,169 - INFO - Processed Article: Railway Budget 2024: ‚Çπ3,011-crore outlay for rail projects in Kerala from thehindu.com
2024-10-02 09:37:44,310 - INFO - Processed Article: Union Budget 2024: Stock Markets still sour after tax hike on equity investments, Nifty, Sensex fall marginally from thehindu.com
2024-10-02 09:37:44,514 - INFO - Processed Article: Budget 2024: With ‚Çπ2.65 lakh crore outlay, Railways to prioritise safety from thehindu.com
2024-10-02 09:37:44,686 - INFO - Processed Article: Basic Custom Duty for Mobile, Budget 2024: Nirmala Sitharaman announces duty cut on mobile phones, PCBA and chargers from thehindu.com
2024-10-02 09:37:44,922 - INFO - Processed Article: Budget 2024-25: Investors from thehindu.com
2024-10-02 09:37:45,126 - INFO - Processed Article: Union Budget 2024-25: FM Sithraman says India to prepare climate finance taxonomy from thehindu.com
2024-10-02 09:37:45,329 - INFO - Processed Article: Budget 2024: FM announces ‚Çπ10 lakh crore investment into scheme for urban housing from thehindu.com
2024-10-02 09:37:45,565 - INFO - Processed Article: Key Highlights of Union Budget 2024: Focus on employment, skilling, MSME and middle class; income tax structure under new regime revised from thehindu.com
2024-10-02 09:37:45,753 - INFO - Processed Article: Union Budget 2024: Nirmala Sitharaman scraps Angel Tax on foreign investments amid startup funding winter from thehindu.com
2024-10-02 09:37:46,004 - INFO - Processed Article: Budget 2024-25: Social sector from thehindu.com
2024-10-02 09:37:46,256 - INFO - Processed Article: Budget 2024: Fillip to clean energy schemes from thehindu.com
2024-10-02 09:37:46,524 - INFO - Processed Article: Union Budget 2024: Stock markets crash during Union Budget presentation from thehindu.com
2024-10-02 09:37:46,688 - INFO - Processed Article: Union Budget 2024-25: Union Cabinet, headed by PM Narendra Modi, approves full Budget for 2024-25 from thehindu.com
2024-10-02 09:37:46,881 - INFO - Processed Article: Union Budget 2024-25: Agriculture, Employment, Infrastructure feature in nine priorities of third NDA government from thehindu.com
2024-10-02 09:37:47,148 - INFO - Processed Article: Direct Taxes and Custom Duties Changes, Budget 2024 from thehindu.com
2024-10-02 09:37:47,336 - INFO - Processed Article: Budget 2024: What measures were announced for women? from thehindu.com
2024-10-02 09:37:47,493 - INFO - Processed Article: Budget 2024: Nirmala Sitharaman signals shift from earlier trickle-down strategy to a slew of schemes from thehindu.com
2024-10-02 09:37:47,762 - INFO - Processed Article: Budget 2024: Finance Minister Nirmala Sitharaman announces exemption of custom duties on critical minerals from thehindu.com
2024-10-02 09:37:47,951 - INFO - Processed Article: Budget 2024: Centre reduces customs duty on inputs for textile and leather industries from thehindu.com
2024-10-02 09:37:48,188 - INFO - Processed Article: Budget 2024: Meagre hike in funds for minority affairs from thehindu.com
2024-10-02 09:37:48,409 - INFO - Processed Article: Budget 2024: What is taxonomy for climate finance? from thehindu.com
2024-10-02 09:37:48,646 - INFO - Processed Article: Budget 2024-25 CAPEX: ‚Çπ11 lakh crore allocated towards capital expenditure, 3.4% of GDP by FM Nirmala Sitharaman from thehindu.com
2024-10-02 09:37:48,804 - INFO - Processed Article: Budget 2024: Over ‚Çπ42,000 crore allocated to J&K; ‚Çπ2.19 lakh crore to Home Ministry from thehindu.com
2024-10-02 09:37:48,992 - INFO - Processed Article: Budget 2024: Telangana was handed a ‚Äòbig zero‚Äô in Union Budget for 11th year, says BRS leader KTR from thehindu.com
2024-10-02 09:37:49,229 - INFO - Processed Article: Union Budget 2024-25: Government announces transit-oriented development plan for large cities from thehindu.com
2024-10-02 09:37:49,452 - INFO - Processed Article: Budget 2024: Glass both half-full and half-empty for science Ministries from thehindu.com
2024-10-02 09:37:49,703 - INFO - Processed Article: Budget 2024: Sukhvinder Singh Sukhu flays BJP-led government for ignoring disaster-hit Himachal from thehindu.com
2024-10-02 09:37:49,970 - INFO - Processed Article: Budget 2024: What is cheaper, what is costlier? from thehindu.com
2024-10-02 09:37:50,206 - INFO - Processed Article: Union Budget 2024-25: Big push for agriculture to improve productivity, revolutionise agricultural research from thehindu.com
2024-10-02 09:37:50,380 - INFO - Processed Article: Budget 2024 key takeaways in charts from thehindu.com
2024-10-02 09:37:50,571 - INFO - Processed Article: Budget 2024: West Bengal deprived, Budget politically biased says Mamata from thehindu.com
2024-10-02 09:37:50,744 - INFO - Processed Article: Budget 2024: Not a word of ‚ÄòTelangana‚Äô, says Irrigation Minister Uttam Kumar Reddy from thehindu.com
2024-10-02 09:37:50,917 - INFO - Processed Article: Budget 2024 for education and employment: FM Sitharaman says ‚Çπ1.48 lakh cr allocated for education, employment, skill from thehindu.com
2024-10-02 09:37:51,106 - INFO - Processed Article: Budget 2024: Kerala‚Äôs dream of AIIMS-like institution dashed again from thehindu.com
2024-10-02 09:37:51,343 - INFO - Processed Article: Union Budget 2024-25: Land reform measures to be undertaken consulting States, says Finance Minister in Budget speech from thehindu.com
2024-10-02 09:37:51,516 - INFO - Processed Article: Budget 2024: FM Nirmala Sitharaman says fiscal deficit for FY25 estimated to be 4.9% of GDP from thehindu.com
2024-10-02 09:37:51,659 - INFO - Processed Article: Budget 2024 Highlights on income tax: FM Sitharaman revises personal income tax slabs; taxation rates remain unchanged from thehindu.com
2024-10-02 09:37:51,864 - INFO - Processed Article: Union Budget 2024: Shares of shrimp products makers in heavy demand after Budget allocation from thehindu.com
2024-10-02 09:37:52,052 - INFO - Processed Article: LTCG STCG rates, Budget 2024: Tax rates on both short and long term capital gains raised with immediate effect from thehindu.com
2024-10-02 09:37:52,211 - INFO - Processed Article: Budget 2024: BJD flays Centre, says Odisha‚Äôs ‚Äòspecial status‚Äô demand ignored from thehindu.com
2024-10-02 09:37:52,447 - INFO - Processed Article: Budget 2024 for Women: ‚Çπ3 lakh crore for schemes benefiting women and girls from thehindu.com
2024-10-02 09:37:52,683 - INFO - Processed Article: Budget 2024 for Tamil Nadu: Union Budget a mixed bag with no specific announcements from thehindu.com
2024-10-02 09:37:52,872 - INFO - Processed Article: Budget 2024 is growth-oriented, welfare-centric, people-friendly: Annamalai from thehindu.com
2024-10-02 09:37:53,045 - INFO - Processed Article: Budget 2024 date and time: When and where to watch the Union Budget on July 23, 2024? from thehindu.com
2024-10-02 09:37:53,313 - INFO - Processed Article: Watch: What do people think about Union Budget 2024? from thehindu.com
2024-10-02 09:37:53,594 - INFO - Processed Article: Watch: Budget 2024 Expectations: Insurance sector expectations from thehindu.com
2024-10-02 09:37:53,751 - INFO - Processed Article: Union Budget 2024-25: Nirmala Sitharaman to present Budget for a record seventh time in a row from thehindu.com
2024-10-02 09:37:53,992 - INFO - Processed Article: Budget 2024: JNU, DU hope for increased education funding to boost innovation, entrepreneurship from thehindu.com
2024-10-02 09:37:54,229 - INFO - Processed Article: Union Budget 2024: Kerala hopes for a better deal this time from thehindu.com
2024-10-02 09:37:54,442 - INFO - Processed Article: Watch: Union Budget 2024 | Railway budget projection from thehindu.com
2024-10-02 09:37:54,631 - INFO - Processed Article: Union Budget 2024: NBFC sector seeks more funds to improve liquidity, regulatory reforms from Budget from thehindu.com
2024-10-02 09:37:54,784 - INFO - Processed Article: Watch: Jamnagar‚Äôs Bandhani saree makers hoping for government support: Union Budget 2024 from thehindu.com
2024-10-02 09:37:54,944 - INFO - Processed Article: Union Budget 2024 Expectations: Keep increasing road-infra spending, frame policies to promote electrification from thehindu.com
2024-10-02 09:37:55,143 - INFO - Processed Article: Budget 2024: Insurers expect more tax benefits for health insurance in Union budget from thehindu.com
2024-10-02 09:37:55,291 - INFO - Processed Article: Budget 2024: Pharma industry seeks tax benefits, effective intellectual property rights regime from thehindu.com
2024-10-02 09:37:55,496 - INFO - Processed Article: Union Budget 2024: Real estate‚Äôs wishlist from thehindu.com
2024-10-02 09:37:55,812 - INFO - Processed Article: T.N. Budget 2024-25: A tightrope walk amid financial constraints from thehindu.com
2024-10-02 09:37:56,086 - INFO - Processed Article: Sops galore in West Bengal Budget 2024-25 ahead of Lok Sabha polls from thehindu.com
2024-10-02 09:37:56,249 - INFO - Processed Article: Kerala Budget 2024-25/ ‚ÄòA Friendly Budget‚Äô from thehindu.com
2024-10-02 09:37:56,499 - INFO - Processed Article: Budget 2024 on welfare schemes: Expenditure cut or remain stagnant, say Left parties from thehindu.com
2024-10-02 09:37:56,752 - INFO - Processed Article: Interim Union Budget 2024 | Economy from thehindu.com
2024-10-02 09:37:56,988 - INFO - Processed Article: Union Budget 2024: When and where to watch Finance Minister Nirmala Sitharaman‚Äôs Budget speech - The Hindu from thehindu.com
2024-10-02 09:37:57,169 - INFO - Processed Article: Interim Budget 2024: What can it do for real estate? from thehindu.com
2024-10-02 09:37:57,403 - INFO - Processed Article: Budget 2024-25 may set 5.3% of GDP fiscal deficit goal: ICRA from thehindu.com
2024-10-02 09:37:57,403 - INFO - Processing complete. Results saved in 'processed_media_data_thehindu.csv'
2024-10-02 09:37:57,801 - INFO - Processed Article: Union Budget 2024: Impact of proposals and tax changes on propensity to save from financialexpress.com
2024-10-02 09:38:01,565 - INFO - Processed Article: Explaining Budget 2024 announcements on GST and custom duty from financialexpress.com
2024-10-02 09:38:01,976 - INFO - Processed Article: Union Budget 2024 rekindles hope for reforms in real estate from financialexpress.com
2024-10-02 09:38:02,385 - INFO - Processed Article: Critical Minerals in the Union Budget 2024-2025: Steering through the Headwinds from financialexpress.com
2024-10-02 09:38:02,810 - INFO - Processed Article: Union Budget 2024 ‚Äì Buy-back tax: The debate continues from financialexpress.com
2024-10-02 09:38:03,283 - INFO - Processed Article: Assessing the Union Budget 2024-25 implications for real estate from financialexpress.com
2024-10-02 09:38:03,690 - INFO - Processed Article: Budget 2024: New capital gains taxation rules offer fresh opportunities for HNI investors ‚Äì Here‚Äôs how from financialexpress.com
2024-10-02 09:38:04,083 - INFO - Processed Article: How Budget 2024 proposals will ease the cashflow for salaried taxpayers from financialexpress.com
2024-10-02 09:38:04,491 - INFO - Processed Article: Budget 2024: Pathway to a Viksit Bharat from financialexpress.com
2024-10-02 09:38:04,865 - INFO - Processed Article: Union Budget 2024: A blueprint for sustainable growth and development from financialexpress.com
2024-10-02 09:38:05,198 - INFO - Processed Article: Budget 2024: Bihar to Assam, these flood-prone states get key aid programme ‚Äì details here from financialexpress.com
2024-10-02 09:38:05,560 - INFO - Processed Article: Union Budget 2024-25: A roadmap for inclusive growth from financialexpress.com
2024-10-02 09:38:05,955 - INFO - Processed Article: Railway Budget 2024: Ashwini Vaishnaw says Rs 15,940 crore allocated for Maharashtra projects, 250 new suburban services to be introduced from financialexpress.com
2024-10-02 09:38:06,333 - INFO - Processed Article: Raghav Chadha criticises Union Budget 2024-25 saying, ‚ÄúIndians pay taxes like England, get services like Somalia‚Äù from financialexpress.com
2024-10-02 09:38:06,697 - INFO - Processed Article: Telangana Budget 2024: Congress govt presents Rs 2.91 lakh Budget, Rs 10,000 cr for development of Hyderabad ‚Äì Key Takeaways from financialexpress.com
2024-10-02 09:38:10,087 - INFO - Processed Article: Budget 2024: How removal of indexation benefits impacts property tax ‚Äì Comparison of pre-2001 and post-2001 purchases from financialexpress.com
2024-10-02 09:38:10,432 - INFO - Processed Article: What is indexation in property sale and how is it calculated? What has changed after Budget 2024? from financialexpress.com
2024-10-02 09:38:10,965 - INFO - Processed Article: Parliament Budget Session 2024 Highlights: Haryana, Punjab farmers meet LoP Rahul Gandhi, share concerns over agricultural issues from financialexpress.com
2024-10-02 09:38:15,138 - INFO - Processed Article: Union Budget 2024: Centre announces launch of fourth phase of Pradhan Mantri Gram Sadak Yojana to enhance rural connectivity from financialexpress.com
2024-10-02 09:38:15,499 - INFO - Processed Article: Key takeaways from Union Budget 2024 from financialexpress.com
2024-10-02 09:38:19,185 - INFO - Processed Article: Budget 2024: How much allocation to pay salaries of Union Ministers, PMO? from financialexpress.com
2024-10-02 09:38:23,406 - INFO - Processed Article: Budget 2024 Announcements: PM Awas Yojana to mega internship programme to new income tax slabs ‚Äì Key schemes from financialexpress.com
2024-10-02 09:38:23,924 - INFO - Processed Article: Agriculture Budget 2024 Highlights: Will government‚Äôs roadmap to ‚ÄòVikshit Bharat‚Äô by 2047 focus on agri sector? from financialexpress.com
2024-10-02 09:38:27,531 - INFO - Processed Article: Budget 2024: Not briefcase, Nirmala Sitharaman again takes tablet to present paperless Budget from financialexpress.com
2024-10-02 09:38:29,791 - INFO - Processed Article: Healthcare Budget 2024 Highlights: FM Sitharaman focuses on custom duties for cancer patients, medical devices from financialexpress.com
2024-10-02 09:38:30,403 - INFO - Processed Article: Industry Budget 2024 Highlights: Budget sets stage for driving personal consumption, says India Inc; Here is more on what corporate India feels about Sitharaman‚Äôs Budget from financialexpress.com
2024-10-02 09:38:30,921 - INFO - Processed Article: Budget 2024: At Rs 90,958.63 crore health ministry‚Äôs allocation sees surge of nearly 13 per cent from FY24 from financialexpress.com
2024-10-02 09:38:31,503 - INFO - Processed Article: Railway Budget 2024-25 Highlights from financialexpress.com
2024-10-02 09:38:38,812 - INFO - Processed Article: Budget 2024: FinMin unveils Rs 1.48 lakh crore boost for job creation, says new schemes to skill 20 lakh youth from financialexpress.com
2024-10-02 09:38:43,273 - INFO - Processed Article: Union Budget 2024: Uplifting Bihar ‚Äì State to get airports, medical colleges and sports infrastructure, says FM from financialexpress.com
2024-10-02 09:38:47,207 - INFO - Processed Article: Union Budget 2024: FM Nirmala Sitharaman all set to present her 7th budget at 11 AM from financialexpress.com
2024-10-02 09:38:53,010 - INFO - Processed Article: Budget 2024 sets the stage for a sustainable growth trajectory for real estate from financialexpress.com
2024-10-02 09:38:53,549 - INFO - Processed Article: Union Budget 2024: ‚ÄòNeed to recognise indispensable role of technology in shaping the future of healthcare‚Äô from financialexpress.com
2024-10-02 09:38:54,071 - INFO - Processed Article: Budget 2024: These cancer medicines get custom duty exemption ‚Äì What does this exactly means from financialexpress.com
2024-10-02 09:38:57,568 - INFO - Processed Article: Infrastructure Budget 2024 Highlights: No major announcements for infra sector in FM Sitharaman‚Äôs Budget speech from financialexpress.com
2024-10-02 09:39:03,097 - INFO - Processed Article: Budget 2024 speech: Nirmala Sitharaman unveils 3 employment-linked schemes, Find out here from financialexpress.com
2024-10-02 09:39:03,653 - INFO - Processed Article: Budget 2024 Schemes Highlights: PM KISAN Yojana to Surya Ghar allocations ‚Äì What‚Äôs on cards for flagship schemes? from financialexpress.com
2024-10-02 09:39:07,470 - INFO - Processed Article: Budget 2024: Centre announces month‚Äôs wage for new hires, internship scheme in top firms from financialexpress.com
2024-10-02 09:39:11,168 - INFO - Processed Article: Budget 2024: Standard deduction for salaried class increased from 50,000 to 75,000 from financialexpress.com
2024-10-02 09:39:14,353 - INFO - Processed Article: Budget 2024: Tax slab changes, Standard Deduction hike to Rs 75K enhance New Tax Regime‚Äôs appeal among taxpayers from financialexpress.com
2024-10-02 09:39:14,732 - INFO - Processed Article: Budget 2024: A look at Nirmala Sitharaman‚Äôs iconic saree choices over the years ‚Äì From red silk saree with temple border to a bright pink Mangalgiri saree from financialexpress.com
2024-10-02 09:39:15,155 - INFO - Processed Article: Budget 2024 Expectations Highlights: Will FM Sitharaman tweak tax slabs to give relief to middle-class, salaried taxpayers? from financialexpress.com
2024-10-02 09:39:15,519 - INFO - Processed Article: Budget 2024 Date and Time: Check When and Where to Watch FM Nirmala Sitharaman Union Budget 2024 Speech Live Streaming from financialexpress.com
2024-10-02 09:39:23,036 - INFO - Processed Article: Union Budget 2024: Switching tax regimes to be allowed for all? Experts seek a more taxpayer-friendly system from financialexpress.com
2024-10-02 09:39:26,855 - INFO - Processed Article: Budget Session 2024: PM Modi says Budget 2024 to lay ‚ÄòViksit Bharat‚Äô foundation, appeals to MPs to rise above party politics from financialexpress.com
2024-10-02 09:39:32,027 - INFO - Processed Article: Budget 2024: Expectations of the Automotive and Technology Industry from financialexpress.com
2024-10-02 09:39:35,683 - INFO - Processed Article: Budget 2024: Realtors want Govt to focus on ways to propel housing demand further from financialexpress.com
2024-10-02 09:39:39,447 - INFO - Processed Article: Will Nifty test 23,800 levels ahead of Union Budget 2024? See GIFT Nifty, FII data, F&O ban, crude, more before market opens from financialexpress.com
2024-10-02 09:39:43,483 - INFO - Processed Article: Budget 2024: Smarter tax for smarter tech from financialexpress.com
2024-10-02 09:39:47,927 - INFO - Processed Article: Union Budget 2024: Govt employees await big announcement on 8th Pay Commission formation! Will FM Sitharaman deliver? from financialexpress.com
2024-10-02 09:39:54,491 - INFO - Processed Article: Budget 2024 Expectations: Centre vs State spending on education from financialexpress.com
2024-10-02 09:39:59,291 - INFO - Processed Article: How Budget 2024 can influence Consumer Behavior in India from financialexpress.com
2024-10-02 09:40:03,832 - INFO - Processed Article: Budget 2024 Speech highlights: Nirmala Sitharaman abolishes Angel Tax, STT on F&O hiked from financialexpress.com
2024-10-02 09:40:04,272 - INFO - Processed Article: Budget 2024: Juggernaut keeps rolling from financialexpress.com
2024-10-02 09:40:10,919 - INFO - Processed Article: Budget 2024: 50% of last-drawn salary as pension for govt employees? Will Budget settle OPS Vs NPS debate? from financialexpress.com
2024-10-02 09:40:14,755 - INFO - Processed Article: Top 10 expectations of individual taxpayers which Budget 2024 needs to fulfill from financialexpress.com
2024-10-02 09:40:22,005 - INFO - Processed Article: Union Budget 2024: Will Modi govt expand tax benefits under Section 80EEA to give a boost to affordable housing? from financialexpress.com
2024-10-02 09:40:25,414 - INFO - Processed Article: Budget 2024 Expectations: FMCG sector bets on steps to boost rural consumption, grants and more from financialexpress.com
2024-10-02 09:40:30,155 - INFO - Processed Article: Budget 2024: JD(U), YSRCP demand special category status for Bihar, Andhra Pradesh at all-party meet from financialexpress.com
2024-10-02 09:40:36,033 - INFO - Processed Article: Union Budget 2024 expectations: Building resilience for consumer industry from financialexpress.com
2024-10-02 09:40:40,039 - INFO - Processed Article: Union Budget 2024: Anticipating transformative measures for MSMEs from financialexpress.com
2024-10-02 09:40:43,674 - INFO - Processed Article: What India‚Äôs leading developers expect from Budget 2024 from financialexpress.com
2024-10-02 09:40:44,058 - INFO - Processed Article: Railway Budget 2024 Prediction: Indian Railways likely to see big budgetary boost of Rs 2-2.25 lakh crore, says report from financialexpress.com
2024-10-02 09:40:48,835 - INFO - Processed Article: Railway Budget 2024 Expectations: Will Modi 3.0 revolutionise passenger experience, development of railway stations? from financialexpress.com
2024-10-02 09:40:52,588 - INFO - Processed Article: Budget 2024: How to make the New Tax Regime more attractive from financialexpress.com
2024-10-02 09:40:52,963 - INFO - Processed Article: Budget 2024: 9 facts to know ahead of FM Sitharaman‚Äôs speech from financialexpress.com
2024-10-02 09:40:53,350 - INFO - Processed Article: Budget 2024 Expectations: Banking sector hopes for policy continuity; announcements on FDI, divestment, cyber security measures and more from financialexpress.com
2024-10-02 09:41:00,541 - INFO - Processed Article: Budget 2024 Expectations: Consumer durable industry calls for 5-12% GST cut from financialexpress.com
2024-10-02 09:41:04,436 - INFO - Processed Article: Budget 2024 Expectations: Focus of Budget likely on affordable housing, infrastructure, says ASSOCHAM from financialexpress.com
2024-10-02 09:41:04,833 - INFO - Processed Article: Union Budget 2024: What is the difference between Economic Survey and Budget? Explained from financialexpress.com
2024-10-02 09:41:08,344 - INFO - Processed Article: Union Budget 2024: Funds allocated to different ministries in past 5 Budgets from financialexpress.com
2024-10-02 09:41:13,586 - INFO - Processed Article: Budget 2024 Expectation: PM Surya Ghar Muft Bijli Yojana ‚Äì Explained from financialexpress.com
2024-10-02 09:41:20,708 - ERROR - Error processing URL https://www.financialexpress.com/budget/what-can-we-expect-from-union-budget-2024-3559529/: Article `download()` failed with HTTPSConnectionPool(host='www.financialexpress.com', port=443): Read timed out. (read timeout=7) on URL https://www.financialexpress.com/budget/what-can-we-expect-from-union-budget-2024-3559529/
2024-10-02 09:41:26,483 - INFO - Processed Article: Student Loan Woes and Taxes: Can the Budget 2024 offer financial relief? from financialexpress.com
2024-10-02 09:41:31,357 - INFO - Processed Article: What India‚Äôs salaried class hopes for in the Budget 2024? from financialexpress.com
2024-10-02 09:41:35,263 - INFO - Processed Article: Union Budget 2024: Study calls for ‚Äòurgent‚Äô need to double agriculture R&D budget ‚Äì What will be its impact? from financialexpress.com
2024-10-02 09:41:35,783 - INFO - Processed Article: 7 things Union Budget 2024 can do for salaried taxpayers from financialexpress.com
2024-10-02 09:41:39,553 - INFO - Processed Article: Budget 2024: Real estate looks for much-needed impetus for long-term growth from financialexpress.com
2024-10-02 09:41:42,950 - INFO - Processed Article: Budget 2024: How year-on-year India‚Äôs GDP grew to become world‚Äôs fastest-growing economy? from financialexpress.com
2024-10-02 09:41:46,672 - INFO - Processed Article: Budget 2024: What individual taxpayers can expect from FM Nirmala Sitharaman from financialexpress.com
2024-10-02 09:41:50,932 - INFO - Processed Article: Budget 2024 Expectation: Education sector calls for higher allocation and faster implementation of NEP from financialexpress.com
2024-10-02 09:41:54,419 - INFO - Processed Article: Budget 2024 Highlights: ‚ÄòIndia one of the fastest growing economies, opportunities at peak,‚Äô says PM Modi ahead of Budget Session from financialexpress.com
2024-10-02 09:41:57,827 - INFO - Processed Article: Budget 2024 Expectations: FICCI says GDP growth forecast at 7%, CII demands increase in MGNREGA wages from financialexpress.com
2024-10-02 09:41:58,378 - INFO - Processed Article: Union Budget 2024: 5 key announcements senior citizens can expect from FM Nirmala Sitharaman from financialexpress.com
2024-10-02 09:42:02,024 - INFO - Processed Article: Budget 2024 Expectations: India‚Äôs business landscape anticipates transformative Budget from financialexpress.com
2024-10-02 09:42:09,085 - INFO - Processed Article: Budget 2024: Streamlining TDS / TCS provisions is the need of the hour ‚Äì Here‚Äôs why from financialexpress.com
2024-10-02 09:42:09,760 - INFO - Processed Article: Budget 2024 Expectations: ‚ÄòNeed to introduce policies to provide direct and indirect tax benefits for R&D and investments‚Äô from financialexpress.com
2024-10-02 09:42:10,555 - INFO - Processed Article: Union Budget 2024: Anticipated Boosts for EVs, Hybrids, and Flex-Fuel Technologies to Drive Sustainable Mobility from financialexpress.com
2024-10-02 09:42:10,974 - INFO - Processed Article: Nestle Vs ITC Vs HUL: Why are key FMCG stocks in focus ahead of Budget 2024 from financialexpress.com
2024-10-02 09:42:14,250 - INFO - Processed Article: Budget 2024 Expectations: Big tax breaks likely for individuals earning up to Rs 10 lakh annually from financialexpress.com
2024-10-02 09:42:18,918 - INFO - Processed Article: Budget 2024 Expectations Highlights: Will there be tax reforms in the upcoming Budget? from financialexpress.com
2024-10-02 09:42:25,717 - INFO - Processed Article: Union Budget 2024: Fintech industry seeks tax incentives to boost consumption, drive growth from financialexpress.com
2024-10-02 09:42:28,489 - INFO - Processed Article: Budget 2024 Speech Live Streaming: When, where to watch FM Nirmala Sitharaman Union Budget speech LIVE from financialexpress.com
2024-10-02 09:42:32,159 - INFO - Processed Article: Budget 2024: Lock-in begins at finance ministry after ‚Äòhalwa‚Äô ceremony inside North Block basement from financialexpress.com
2024-10-02 09:42:32,617 - INFO - Processed Article: Budget 2024 Expectations: ‚ÄòTransformation of public infrastructure, upgrading medical colleges, and investing in rural healthcare needed‚Äô from financialexpress.com
2024-10-02 09:42:39,391 - INFO - Processed Article: Budget 2024 Expectations: Real estate looks for measures to enhance affordability, boost housing demand from financialexpress.com
2024-10-02 09:42:46,234 - INFO - Processed Article: Budget 2024 Expectations: Can the Budget rev up rural economy with support from Monsoon? from financialexpress.com
2024-10-02 09:42:46,788 - INFO - Processed Article: Budget 2024 Expectations: What is the middle class looking for in the Budget? Tax breaks, relief for common man, higher allocations- All details here from financialexpress.com
2024-10-02 09:42:51,096 - INFO - Processed Article: Budget 2024 Expectation: Fiscal consolidation to continue but may see shift in spending mix, says Barclays; Will there be more allocations to core schemes? from financialexpress.com
2024-10-02 09:42:54,704 - INFO - Processed Article: Budget 2024 Expectations: Why India must increase its healthcare budget to tackle climate crisis from financialexpress.com
2024-10-02 09:42:58,393 - INFO - Processed Article: Budget 2024 Expectations: Here‚Äôs what individual taxpayers want from FM Nirmala Sitharaman from financialexpress.com
2024-10-02 09:43:02,397 - INFO - Processed Article: IT, Energy top picks for Religare Broking ahead of Budget 2024 from financialexpress.com
2024-10-02 09:43:07,486 - INFO - Processed Article: Budget 2024 Expectation: Tax holiday and GST exemption top Space sector‚Äôs Budget wishlist from financialexpress.com
2024-10-02 09:43:10,921 - INFO - Processed Article: Budget 2024: A defining moment for India‚Äôs green economy from financialexpress.com
2024-10-02 09:43:14,759 - INFO - Processed Article: Union Budget 2024: Why Standard Deduction limit needs to be increased to Rs 100,000! from financialexpress.com
2024-10-02 09:43:15,220 - INFO - Processed Article: Budget 2024 Expectations Highlights: Tax relief, GST exemptions and sizeable cut in personal income tax top the Budget wishlist? All eyes on Finance Minister Nirmala Sitharaman from financialexpress.com
2024-10-02 09:43:19,867 - INFO - Processed Article: Budget 2024 Expectation: Can middle class hope for sizeable cut in personal income tax? Experts appeal but will FM listen from financialexpress.com
2024-10-02 09:43:23,677 - INFO - Processed Article: Budget 2024 Time: Why Union Budget timings were changed from 5:00 pm to 11:00 am? from financialexpress.com
2024-10-02 09:43:24,058 - INFO - Processed Article: Budget 2024 Expectations: Govt likely to introduce amendments to Banking Regulation Act to push banking sector reforms from financialexpress.com
2024-10-02 09:43:27,571 - INFO - Processed Article: Budget 2024 Expectations: Diagnostics leaders demand utilisation of resources, local manufacturing of equipments from financialexpress.com
2024-10-02 09:43:31,418 - INFO - Processed Article: Union Budget 2024: The halwa ceremony and its significance in budget preparation from financialexpress.com
2024-10-02 09:43:32,064 - INFO - Processed Article: Budget 2024 Highlights: What can salaried taxpayers expect from upcoming Union Budget? from financialexpress.com
2024-10-02 09:43:32,611 - INFO - Processed Article: Budget 2024: Which medicines are more likely to get expensive after Sitharaman‚Äôs announcement? from financialexpress.com
2024-10-02 09:43:36,284 - INFO - Processed Article: Union Budget 2024: Date, time, where to watch Nirmala Sitharaman‚Äôs full budget speech live ‚Äì Complete guide from financialexpress.com
2024-10-02 09:43:42,811 - INFO - Processed Article: Budget 2024 Expectation: Economic vision, political theme key aspects to watch in Budget, says Nomura from financialexpress.com
2024-10-02 09:43:49,682 - INFO - Processed Article: Budget 2024 Expectation: Call for making education affordable, GST exemption grows louder from financialexpress.com
2024-10-02 09:43:53,445 - INFO - Processed Article: Nirmala Sitharaman all set to present Budget 2024: Here are 10 lesser-known facts about Union Budget from financialexpress.com
2024-10-02 09:43:55,019 - INFO - Processed Article: Union Budget 2024: ‚ÄòNaidu-Nitish yukt‚Äô Budget? FM Sitharaman has a Rs 1.3 lakh-crore headache from financialexpress.com
2024-10-02 09:44:01,395 - INFO - Processed Article: Budget 2024 expectations: What Nirmala Sitharaman can do for the solar energy sector from financialexpress.com
2024-10-02 09:44:05,644 - INFO - Processed Article: Budget 2024 Expectations: What is India‚Äôs ‚ÄòViksit Bharat @ 2047‚Äô, roadmap ‚Äì Explained from financialexpress.com
2024-10-02 09:44:09,019 - INFO - Processed Article: Budget 2024: No tax on annual income up to Rs 8.5 lakh if basic exemption hiked to Rs 5 lakh | Here are possible tax slab changes from financialexpress.com
2024-10-02 09:44:15,916 - INFO - Processed Article: Budget 2024: Will green power be a priority? Experts say incentives important from financialexpress.com
2024-10-02 09:44:19,582 - INFO - Processed Article: Budget 2024: NATHEALTH calls for major reforms to improve healthcare infra, increase public health expenditure from financialexpress.com
2024-10-02 09:44:20,166 - INFO - Processed Article: Budget 2024 Highlights: Nirmala Sitharaman to table Budget on July 23 from financialexpress.com
2024-10-02 09:44:23,893 - INFO - Processed Article: Budget 2024: Real estate looks forward to policy reforms to streamline processes, drive growth from financialexpress.com
2024-10-02 09:44:28,358 - INFO - Processed Article: Budget 2024: ‚ÄòCreate new NBFC category serving priority sector, more specifically to MSMEs‚Äô from financialexpress.com
2024-10-02 09:44:28,913 - INFO - Processed Article: Budget 2024 Date, Time Highlights: It‚Äôs a wrap for pre-Budget consultation, Nirmala Sitharaman all set to present ‚Äòhistoric‚Äô Modi govt‚Äôs Budget 3.0 on July 23 from financialexpress.com
2024-10-02 09:44:29,199 - INFO - Processed Article: PM Kisan: Modi govt to hike installment amount to Rs 8,000 in Budget 2024? What we know so far from financialexpress.com
2024-10-02 09:44:36,439 - INFO - Processed Article: Union Budget 2024-2025 | Will the dream of the National Research Foundation turn into reality? from financialexpress.com
2024-10-02 09:44:37,092 - INFO - Processed Article: Budget 2024 Highlights: Govt to announce Budget presentation date soon. Will it be July 23? Find out here from financialexpress.com
2024-10-02 09:44:40,609 - INFO - Processed Article: Budget 2024: Hospital industry demands simplification of insurance processes, increase in funding from financialexpress.com
2024-10-02 09:44:44,464 - INFO - Processed Article: Budget 2024: Infrastructure to PM Awas ‚Äì Who got what in Sitharaman‚Äôs interim Budget in February from financialexpress.com
2024-10-02 09:44:48,572 - INFO - Processed Article: Budget 2024: Will technology be leveraged to improve tax administration and compliance? from financialexpress.com
2024-10-02 09:44:55,420 - INFO - Processed Article: Budget 2024: Focus on rapid infrastructure growth to continue, roadways likely to see increased capex from financialexpress.com
2024-10-02 09:44:55,863 - INFO - Processed Article: Budget 2024: Healthcare industry leaders demand increase in allocation, emphasise on strengthening infra from financialexpress.com
2024-10-02 09:44:58,754 - INFO - Processed Article: Budget 2024 Highlights: FM Nirmala Sitharaman likely to present full budget on July 24 ‚Äì Check all updates from financialexpress.com
2024-10-02 09:44:59,304 - INFO - Processed Article: Budget 2024: Will FM Nirmala Sitharaman put anticipation at ease with official Budget date announcement? from financialexpress.com
2024-10-02 09:45:02,750 - INFO - Processed Article: Budget 2024: What does the Media & Entertainment industry expect from Union Budget? from financialexpress.com
2024-10-02 09:45:06,296 - INFO - Processed Article: Budget 2024: Will the prices of medicines go down after Nirmala Sitharaman‚Äôs announcement? from financialexpress.com
2024-10-02 09:45:10,221 - INFO - Processed Article: Budget 2024 FAQs: Date, time, and expectations ‚Äì All you need to know about Union Budget 2024 from financialexpress.com
2024-10-02 09:45:13,983 - INFO - Processed Article: Budget 2024 Date Highlights: India awaits Budget 2024 presentation by FM Nirmala Sitharaman in July from financialexpress.com
2024-10-02 09:45:14,409 - INFO - Processed Article: Budget 2024: Will Nirmala Sitharaman reduce your hospital admission bills? from financialexpress.com
2024-10-02 09:45:18,051 - INFO - Processed Article: Budget 2024: Real estate looks for policy boost, tax sops for homebuyers from financialexpress.com
2024-10-02 09:45:23,431 - INFO - Processed Article: Budget 2024: RSS-affiliate trade union demands extension of MGNREGA to 200 days, restoration of OPS from financialexpress.com
2024-10-02 09:45:23,916 - INFO - Processed Article: Budget 2024: What kind of tax relief can home owners expect and what‚Äôs in store for real estate in this Budget; Read here for all details from financialexpress.com
2024-10-02 09:45:24,296 - INFO - Processed Article: Budget 2024: With second-largest road network, India looks at incorporating more technology to better its infrastructure from financialexpress.com
2024-10-02 09:45:24,863 - INFO - Processed Article: Budget 2024: From delays to bridges collapsing, cracks in India‚Äôs roadway projects call for prompt actions from financialexpress.com
2024-10-02 09:45:28,636 - INFO - Processed Article: Budget 2024: More reasons to opt for new tax regime! Modi govt may offer THESE tax incentives from financialexpress.com
2024-10-02 09:45:35,529 - INFO - Processed Article: Budget 2024: Union Budget likely to be presented around July 23-24 ‚Äì Read to know more from financialexpress.com
2024-10-02 09:45:38,833 - INFO - Processed Article: Budget 2024 in numbers: Boost to infrastructure investment? All eyes on Union Budget announcements from financialexpress.com
2024-10-02 09:45:39,382 - INFO - Processed Article: Budget 2024: Railway safety to take center stage via Kavach system expansion? from financialexpress.com
2024-10-02 09:45:40,056 - INFO - Processed Article: Budget 2024: India‚Äôs education funding soars ‚Äì A look at decade of progress and future prospects under BJP‚Äôs 11th education budget from financialexpress.com
2024-10-02 09:45:40,592 - INFO - Processed Article: Budget 2024 Date Highlights: FM Nirmala Sitharaman likely to table Union Budget on July 23 or 24. Check all details here from financialexpress.com
2024-10-02 09:45:44,066 - INFO - Processed Article: Budget 2024: Railway allocation over the years- Details inside from financialexpress.com
2024-10-02 09:45:49,121 - INFO - Processed Article: Budget 2024-25: FM Sitharaman leads crucial pre-budget consultation with state leaders from financialexpress.com
2024-10-02 09:45:50,275 - INFO - Processed Article: Budget 2024: India's infrastructure evolution and decade of transformative growth - What lies ahead? - Budget 2024 News from financialexpress.com
2024-10-02 09:45:55,220 - INFO - Processed Article: Budget 2024: What‚Äôs the expectation for Budget? Here are highlights from FM Sitharaman‚Äôs meetings with stakeholders from financialexpress.com
2024-10-02 09:45:56,552 - INFO - Processed Article: Budget 2024 Highlights: What happened in crucial pre-budget meet with state leaders? from financialexpress.com
2024-10-02 09:45:57,121 - INFO - Processed Article: Will Budget 2024 bring back train fare concessions for senior citizens? from financialexpress.com
2024-10-02 09:46:00,277 - INFO - Processed Article: Budget 2024: Did roadways get enough allocation in Interim Budget? Here‚Äôs a recap from financialexpress.com
2024-10-02 09:46:00,677 - INFO - Processed Article: Budget 2024: Developers seek tax sops for homebuyers, boost for affordable housing from financialexpress.com
2024-10-02 09:46:04,645 - INFO - Processed Article: Budget 2024: FM Sitharaman to surpass Morarji Desai‚Äôs record with her 7th consecutive Budget; Read to know more about it from financialexpress.com
2024-10-02 09:46:11,885 - INFO - Processed Article: Budget 2024: Modi govt to raise tax exemption limit to Rs 5 lakh under new tax regime? from financialexpress.com
2024-10-02 09:46:15,368 - INFO - Processed Article: Budget 2024 Date Highlights: All eyes on Union Budget presentation; Will FM Sitharaman table Budget 2024 on July 22? from financialexpress.com
2024-10-02 09:46:21,837 - INFO - Processed Article: Modi 3.0 Budget 2024: Income tax cut likely for THESE taxpayers from financialexpress.com
2024-10-02 09:46:26,377 - INFO - Processed Article: Budget 2024 Expectations: Logistics industry hope for consistency in growth policy, continued infra push, tax reforms, financial incentives from financialexpress.com
2024-10-02 09:46:26,755 - INFO - Processed Article: Modi 3.0: 80C Deduction benefits to be extended to new tax regime in Budget 2024? from financialexpress.com
2024-10-02 09:46:31,079 - INFO - Processed Article: Budget 2024 Highlights: When will Finance Minister Nirmala Sitharaman present full Budget for FY25 (2024-2025) from financialexpress.com
2024-10-02 09:46:34,804 - INFO - Processed Article: Budget 2024: Big tax relief for middle-class in the offing? Section 80C, 80D deduction limits may be hiked to ‚Ä¶ from financialexpress.com
2024-10-02 09:46:41,921 - ERROR - Error processing URL https://www.financialexpress.com/budget/union-budget-2024-date-time-live-updates-nirmala-sitharaman-speech-budget-expectations-3522110/: Article `download()` failed with HTTPSConnectionPool(host='www.financialexpress.com', port=443): Read timed out. (read timeout=7) on URL https://www.financialexpress.com/budget/union-budget-2024-date-time-live-updates-nirmala-sitharaman-speech-budget-expectations-3522110/
2024-10-02 09:46:45,707 - INFO - Processed Article: Budget 2024 ‚Äì A Cautious Vote-on-Account from financialexpress.com
2024-10-02 09:46:51,265 - INFO - Processed Article: Interim Budget 2024: Electric CV industry applauds focus on sustainable mobility from financialexpress.com
2024-10-02 09:46:51,769 - INFO - Processed Article: Auto industry stakeholders react to Interim Budget 2024 from financialexpress.com
2024-10-02 09:46:58,541 - INFO - Processed Article: Budget 2024 ensures continuation of fiscal discipline, govt‚Äôs intention to promote growth through inclusive policies, say experts from financialexpress.com
2024-10-02 09:47:04,230 - INFO - Processed Article: Interim Budget 2024: EV industry stakeholders share a sense of optimism from financialexpress.com
2024-10-02 09:47:04,717 - INFO - Processed Article: EV makers share their view on Interim Budget 2024 from financialexpress.com
2024-10-02 09:47:08,887 - INFO - Processed Article: EV financing companies and VC share their views on Interim Budget 2024 from financialexpress.com
2024-10-02 09:47:12,934 - INFO - Processed Article: Union Budget 2024: Catalyst for real estate resurgence from financialexpress.com
2024-10-02 09:47:18,261 - INFO - Processed Article: Union Budget 2024: Propelling real estate growth through holistic development from financialexpress.com
2024-10-02 09:47:24,141 - INFO - Processed Article: Budget 2024 to enhance livability index, promote homeownership from financialexpress.com
2024-10-02 09:47:24,660 - INFO - Processed Article: Interim Budget 2024: Growth and welfare with fiscal rectitude from financialexpress.com
2024-10-02 09:47:28,393 - INFO - Processed Article: Interim Budget 2024: When will the Union Budget be presented this year? from financialexpress.com
2024-10-02 09:47:32,200 - INFO - Processed Article: Interim Budget 2024: At 58 minutes, Nirmala Sitharaman delivers shortest Budget speech since 2019 from financialexpress.com
2024-10-02 09:47:36,338 - INFO - Processed Article: Interim Budget 2024: Wrapped in red, the budget is on its way to Parliament ‚Äì Here‚Äôs the time it was once LEAKED! from financialexpress.com
2024-10-02 09:47:39,864 - INFO - Processed Article: Budget 2024: FISME seeks reforms to increase access to finance for MSMEs, highlighting alleged anti-competitive practices by banks from financialexpress.com
2024-10-02 09:47:43,379 - INFO - Processed Article: Budget 2024: Top reactions from healthcare industry leaders‚ÄìWho said what on Nirmala Sitharaman‚Äôs announcements from financialexpress.com
2024-10-02 09:47:47,036 - INFO - Processed Article: Interim Budget 2024: PM Awas Yojana to ‚ÄòLakhpati Didi‚Äô ‚Äì Schemes Nirmala Sitharaman spoke about from financialexpress.com
2024-10-02 09:47:50,836 - INFO - Processed Article: Budget 2024 Income Tax: Analysing Old vs new tax regime; Which is good for you? from financialexpress.com
2024-10-02 09:47:51,403 - INFO - Processed Article: Budget 2024 reality pill: Amid cervical cancer vaccine buzz, no word on GST demand miffs health industry from financialexpress.com
2024-10-02 09:47:54,153 - INFO - Processed Article: Budget 2024 Live Streaming: When, where to watch Budget 2024 live on mobile app and other news channels from financialexpress.com
2024-10-02 09:47:54,734 - INFO - Processed Article: Budget 2024 Highlights: Nirmala Sitharaman presents Interim Budget 2024 from financialexpress.com
2024-10-02 09:47:58,413 - INFO - Processed Article: Budget 2024: What FM Nirmala Sitharaman can do to enhance the appeal of New Tax Regime from financialexpress.com
2024-10-02 09:48:01,900 - INFO - Processed Article: Budget 2024 Expectations: No big-bang measures likely; govt‚Äôs priority would be to achieve fiscal discipline, say economists from financialexpress.com
2024-10-02 09:48:02,232 - INFO - Processed Article: Interim Budget 2024: Indian Railways eyes transformation with capital boost; aviation sector awaits key allocations from financialexpress.com
2024-10-02 09:48:08,800 - INFO - Processed Article: India Blockchain Forum introduces recommendations for Union Budget 2024 from financialexpress.com
2024-10-02 09:48:12,573 - INFO - Processed Article: Share Market Budget 2024 Expectations Highlights: Top Stocks to watch from financialexpress.com
2024-10-02 09:48:12,957 - INFO - Processed Article: Decoding AI sector‚Äôs Union Budget 2024 Wishlist for a Technological Renaissance from financialexpress.com
2024-10-02 09:48:13,449 - INFO - Processed Article: Budget 2024 HIGHLIGHTS: Nirmala Sitharaman addresses media, says Interim Budget outlines what govt has achieved from financialexpress.com
2024-10-02 09:48:20,511 - ERROR - Error processing URL https://www.financialexpress.com/market/axis-securities-highlights-five-key-sectors-that-may-benefit-from-this-interim-budget-2024-3379525/: Article `download()` failed with HTTPSConnectionPool(host='www.financialexpress.com', port=443): Read timed out. (read timeout=7) on URL https://www.financialexpress.com/market/axis-securities-highlights-five-key-sectors-that-may-benefit-from-this-interim-budget-2024-3379525/
2024-10-02 09:48:21,123 - INFO - Processed Article: Share Market Budget 2024 Expectations Highlights: Top Stocks to watch from financialexpress.com
2024-10-02 09:48:25,075 - INFO - Processed Article: Interim Budget 2024: What senior citizens expect from Nirmala Sitharaman from financialexpress.com
2024-10-02 09:48:25,617 - INFO - Processed Article: Budget 2024: MSME expectations centre around better access to credit, support in tech adoption, EODB from financialexpress.com
2024-10-02 09:48:31,282 - INFO - Processed Article: Budget 2024: Real estate seeks affordable housing push, sops for homebuyers from financialexpress.com
2024-10-02 09:48:34,944 - INFO - Processed Article: Budget 2024: Chemical industry looking for tax reforms and tech support from financialexpress.com
2024-10-02 09:48:38,499 - INFO - Processed Article: Budget 2024: Will Standard Deduction limit be increased in this year‚Äôs interim budget? from financialexpress.com
2024-10-02 09:48:39,005 - INFO - Processed Article: Budget 2024: Indian students studying abroad await good news from FM from financialexpress.com
2024-10-02 09:48:39,662 - INFO - Processed Article: Industry leaders share wishlist for Interim Budget announcements from financialexpress.com
2024-10-02 09:48:47,035 - INFO - Processed Article: Budget 2024: Will real estate sector get the industry status? Take a look at what realtors expecting from financialexpress.com
2024-10-02 09:48:51,751 - INFO - Processed Article: Budget 2024 Expectations for a robust and transparent real estate industry from financialexpress.com
2024-10-02 09:48:52,153 - INFO - Processed Article: Share Market Budget 2024 Expectations Live: Top Stocks to watch from financialexpress.com
2024-10-02 09:48:56,723 - INFO - Processed Article: How the Union Budget 2024 can shape India‚Äôs startup ecosystem from financialexpress.com
2024-10-02 09:49:01,029 - INFO - Processed Article: 10 key expectations of real estate sector from Budget 2024 from financialexpress.com
2024-10-02 09:49:04,406 - INFO - Processed Article: Budget 2024 Expectations: Here‚Äôs what real estate expects from Nirmala Sitharaman from financialexpress.com
2024-10-02 09:49:08,664 - INFO - Processed Article: Budget 2024 Expectations: What are taxpayers expecting from finance minister from financialexpress.com
2024-10-02 09:49:12,638 - INFO - Processed Article: Budget 2024: Telecom infra providers bat for availability of input tax credit from financialexpress.com
2024-10-02 09:49:13,032 - INFO - Processed Article: What Budget 2024 holds for the Indian real estate sector? from financialexpress.com
2024-10-02 09:49:17,373 - INFO - Processed Article: Budget 2024: Pharma industry leaders urge govt for conducive policies and incentivise domestic API manufacturers from financialexpress.com
2024-10-02 09:49:20,749 - INFO - Processed Article: Budget 2024: Diagnostics industry leaders advocate for investments towards innovation, R&D and bolstering patient safety measures from financialexpress.com
2024-10-02 09:49:21,127 - INFO - Processed Article: Budget 2024: AiMeD urges the Centre to address medical device import bill - Budget 2024 News from financialexpress.com
2024-10-02 09:49:28,038 - INFO - Processed Article: Budget 2024: Healthcare sector emphasise on infrastructure financing, incentivising R&D and regulatory policies for startups from financialexpress.com
2024-10-02 09:49:31,887 - INFO - Processed Article: Budget 2024: Hospital industry demands increase in budget allocation, scaling up healthcare workers and strategic tax reforms from financialexpress.com
2024-10-02 09:49:32,424 - INFO - Processed Article: Budget 2024 Expectations: How can Budget bring parity in taxation? Here are likely changes from financialexpress.com
2024-10-02 09:49:32,945 - INFO - Processed Article: ‚ÄòBudget 2024 expected to propel SME IPO market to new heights‚Äô from financialexpress.com
2024-10-02 09:49:36,825 - INFO - Processed Article: Crafting the future: a visionary prelude to the Budget 2024 from financialexpress.com
2024-10-02 09:49:40,676 - INFO - Processed Article: Union Budget 2024: Developers seek budget boost for real estate from financialexpress.com
2024-10-02 09:49:44,385 - INFO - Processed Article: Budget 2024 Expectations: What India Inc expects from interim budget? from financialexpress.com
2024-10-02 09:49:48,231 - INFO - Processed Article: Interim Budget 2024 Expectations: Govt to target fiscal deficit at 5.3% of GDP for FY2025, says ICRA from financialexpress.com
2024-10-02 09:49:48,719 - INFO - Processed Article: What Budget 2024 holds for home loan interest rates from financialexpress.com
2024-10-02 09:49:54,484 - INFO - Processed Article: Budget 2024 expectations: Reduction in taxes, extension of FAME scheme and focus on charging ecosystem say EV stakeholders from financialexpress.com
2024-10-02 09:49:58,634 - INFO - Processed Article: What individual taxpayers can expect from Budget 2024 from financialexpress.com
2024-10-02 09:49:59,137 - INFO - Processed Article: Budget 2024: What is Vote on Account? Is it similar to an Interim Budget? from financialexpress.com
2024-10-02 09:50:01,792 - INFO - Processed Article: Budget 2024: Here are interesting facts about Budget over the years from financialexpress.com
2024-10-02 09:50:05,804 - INFO - Processed Article: Budget 2024: What is an Interim Budget? How is it different from Union Budget? from financialexpress.com
2024-10-02 09:50:09,695 - INFO - Processed Article: Budget 2024-25: Auto Inc says infrastructure push and policy continuity key driver, hopes for no surprises from financialexpress.com
2024-10-02 09:50:09,695 - INFO - Processing complete. Results saved in 'processed_media_data_financialexpress.csv'
2024-10-02 09:50:13,262 - INFO - Processed Article: "No State Has Been Denied Anything": Nirmala Sitharaman Defends Budget 2024 from ndtv.com
2024-10-02 09:50:15,571 - INFO - Processed Article: Union Budget 2024: Reduced Customs Duty on Mobile Phones, Rs. 1000 Crore for Space Sector, and More from ndtv.com
2024-10-02 09:50:16,165 - INFO - Processed Article: Budget 2024: A Progressive Blueprint for Inclusive Growth And Development from ndtv.com
2024-10-02 09:50:18,549 - INFO - Processed Article: "Centre Thinks There Is No Job Crisis In India," Says P Chidambaram On Budget 2024 from ndtv.com
2024-10-02 09:50:20,834 - INFO - Processed Article: "Uttar Pradesh Did Not Get Anything": Akhilesh Yadav On Budget 2024 from ndtv.com
2024-10-02 09:50:21,558 - INFO - Processed Article: Budget 2024 Will Address Critical Need For Skill Development And Job Creation: Experts from ndtv.com
2024-10-02 09:50:22,095 - INFO - Processed Article: Union Budget 2024: "Budget Based On PM Modi's Mantra Sabka Saath Sabka Vikas": Pankaj Chaudhary from ndtv.com
2024-10-02 09:50:22,627 - INFO - Processed Article: Union Budget 2024: Angel Tax For All Classes Of Investors To Be Abolished from ndtv.com
2024-10-02 09:50:23,132 - INFO - Processed Article: Union Budget 2024: What Is Gender Budgeting And How It Aims To Allocate Public Resources from ndtv.com
2024-10-02 09:50:23,651 - INFO - Processed Article: Budget 2024: Bihar And Andhra Pradesh Get Major Funding; Social Media Reacts With Memes from ndtv.com
2024-10-02 09:50:24,085 - INFO - Processed Article: Unhappy With Budget 2024, 4 Chief Ministers To Skip NITI Aayog Meet from ndtv.com
2024-10-02 09:50:26,457 - INFO - Processed Article: Budget 2024: Big Push For Jobs, Focus On Youth from ndtv.com
2024-10-02 09:50:28,896 - INFO - Processed Article: Budget 2024: Nirmala Sitharaman Announces Rs. 1,000 Crore For Space Tech from ndtv.com
2024-10-02 09:50:31,231 - INFO - Processed Article: P Chidambaram Questions Union Budget 2024 Job Claims: "Show Me Credible Data" from ndtv.com
2024-10-02 09:50:33,610 - INFO - Processed Article: Shashi Tharoor On Budget 2024: No Mention Of MGNREGA, Public Health, Education from ndtv.com
2024-10-02 09:50:34,027 - INFO - Processed Article: Union Budget 2024: Experts Urge Centre To Remove 18% GST On Mental Health Services from ndtv.com
2024-10-02 09:50:34,398 - INFO - Processed Article: What Varanasi Small Traders Expect From Union Budget 2024 from ndtv.com
2024-10-02 09:50:34,919 - INFO - Processed Article: Union Budget 2024: When And Where To Watch Live from ndtv.com
2024-10-02 09:50:37,086 - INFO - Processed Article: Union Budget 2024: Remove GST On Farming Equipment, Say Gujarat Farmers from ndtv.com
2024-10-02 09:50:39,278 - INFO - Processed Article: Union Budget 2024: Healthcare Sector Seeks To Reduce Tax On Insurance, Health Services from ndtv.com
2024-10-02 09:50:41,498 - INFO - Processed Article: Union Budget 2024: Kancheepuram Silk Saree Businessmen Seek Lower GST, Tax Exemption from ndtv.com
2024-10-02 09:50:43,743 - INFO - Processed Article: Budget 2024: For Home Buyers from ndtv.com
2024-10-02 09:50:44,195 - INFO - Processed Article: Union Budget 2024: These Are The Likely Winners And Losers from ndtv.com
2024-10-02 09:50:46,490 - INFO - Processed Article: What Micro, Small And Medium Enterprises Want From Budget 2024 from ndtv.com
2024-10-02 09:50:48,716 - INFO - Processed Article: Budget 2024: Will Home Buyers Benefit? from ndtv.com
2024-10-02 09:50:50,888 - INFO - Processed Article: Budget 2024 Expectations: Farmers In Gujarat Seek Subsidies and Legal MSP Guarantee from ndtv.com
2024-10-02 09:50:51,268 - INFO - Processed Article: Union Budget 2024: Who Has Presented Most Number Of Budgets? from ndtv.com
2024-10-02 09:50:53,609 - INFO - Processed Article: Union Budget 2024: Restaurant Owners In Amritsar Demand Uniform Tax Slab from ndtv.com
2024-10-02 09:50:54,127 - INFO - Processed Article: Budget 2024: A Guide To Key Financial Terms from ndtv.com
2024-10-02 09:50:54,563 - INFO - Processed Article: Budget 2024: Longest And Shortest Budget Speeches In India's History from ndtv.com
2024-10-02 09:50:56,788 - INFO - Processed Article: Union Budget 2024: Housewives In Srinagar Seek Respite From Rising Inflation from ndtv.com
2024-10-02 09:50:57,176 - INFO - Processed Article: Union Budget 2024: Insurers Expect More Tax Benefits For Health Insurance from ndtv.com
2024-10-02 09:50:57,623 - INFO - Processed Article: Union Budget 2024: How Is The Union Budget Prepared from ndtv.com
2024-10-02 09:50:58,027 - INFO - Processed Article: Union Budget 2024: Significance Of The Halwa Ceremony Week from ndtv.com
2024-10-02 09:51:00,281 - INFO - Processed Article: Union Budget 2024: Jaipur Jewellers Want Increase In Limit Of Cash Purchases, Reduction In GST from ndtv.com
2024-10-02 09:51:02,464 - INFO - Processed Article: Amravati Farmers Demand Subsidies In Union Budget 2024 from ndtv.com
2024-10-02 09:51:02,879 - INFO - Processed Article: Interim Budget 2024: Nirmala Sitharaman Set To Match Morarji Desai's Record from ndtv.com
2024-10-02 09:51:03,314 - INFO - Processed Article: Budget 2024: Date, Time And Where To Watch Live from ndtv.com
2024-10-02 09:51:03,668 - INFO - Processed Article: Budget 2024 FAQs: What You Need To Know from ndtv.com
2024-10-02 09:51:03,668 - INFO - Processing complete. Results saved in 'processed_media_data_ndtv.csv'
2024-10-02 09:51:10,976 - ERROR - Error processing URL https://www.opindia.com/2024/07/budget-2024-fm-nirmala-sitharaman-lays-out-nine-priorities-of-modi-govt/: Article `download()` failed with HTTPSConnectionPool(host='www.opindia.com', port=443): Read timed out. (read timeout=7) on URL https://www.opindia.com/2024/07/budget-2024-fm-nirmala-sitharaman-lays-out-nine-priorities-of-modi-govt/
2024-10-02 09:51:18,145 - ERROR - Error processing URL https://www.opindia.com/2024/07/rahul-gandhi-union-budget-2024-kursi-bachao-copy-paste-of-congress-manifesto/: Article `download()` failed with HTTPSConnectionPool(host='www.opindia.com', port=443): Read timed out. (read timeout=7) on URL https://www.opindia.com/2024/07/rahul-gandhi-union-budget-2024-kursi-bachao-copy-paste-of-congress-manifesto/
2024-10-02 09:51:25,223 - ERROR - Error processing URL https://www.opindia.com/2024/02/all-set-budget-2024-last-under-pm-modi-second-term/: Article `download()` failed with HTTPSConnectionPool(host='www.opindia.com', port=443): Read timed out. (read timeout=7) on URL https://www.opindia.com/2024/02/all-set-budget-2024-last-under-pm-modi-second-term/
2024-10-02 09:51:25,223 - INFO - Processing complete. Results saved in 'processed_media_data_opindia.csv'
2024-10-02 09:51:26,033 - INFO - Processed Article: Budget 2024‚Äì25: Empowering women, advancing social justice from hindustantimes.com
2024-10-02 09:51:26,572 - INFO - Processed Article: Budget 2024-25: India's energy transition plan from hindustantimes.com
2024-10-02 09:51:27,096 - INFO - Processed Article: Budget 2024: How removing indexation benefits for capital gains tax on property may impact the Mumbai real estate market from hindustantimes.com
2024-10-02 09:51:27,561 - INFO - Processed Article: Finance minister Nirmala Sitharaman to reply to concerns about Union Budget 2024 in Lok Sabha today from hindustantimes.com
2024-10-02 09:51:27,969 - INFO - Processed Article: Rajnath Singh Counters Rahul Gandhi's 'Ek Rupaiya' Charge Over Budget 2024 & Agniveer In Indian Army from hindustantimes.com
2024-10-02 09:51:28,393 - INFO - Processed Article: Manoj Jha‚Äôs Big Attack On Modi Govt‚Äôs Budget 2024; ‚ÄòIncome Inequality & Obscene Wealth‚Ä¶‚Äô | Watch from hindustantimes.com
2024-10-02 09:51:28,787 - INFO - Processed Article: Should you buy gold after recent price drop following Union Budget 2024? from hindustantimes.com
2024-10-02 09:51:29,196 - INFO - Processed Article: Asaduddin Owaisi‚Äôs Poetic Attack On Modi Govt Over Budget 2024; ‚ÄòAisey Dastoor Ko‚Ä¶‚Äô | Lok Sabha from hindustantimes.com
2024-10-02 09:51:29,668 - INFO - Processed Article: Nirmala Sitharaman rejects Opposition criticism on Budget 2024: ‚ÄòNo state‚Ä¶‚Äô from hindustantimes.com
2024-10-02 09:51:30,157 - INFO - Processed Article: Nirmala Sitharaman on Budget 2024: ‚ÄòWant to give relief to middle class but...' from hindustantimes.com
2024-10-02 09:51:30,650 - INFO - Processed Article: Budget 2024: Will real estate developers turn focus on affordable housing after revival of interest subsidy scheme? from hindustantimes.com
2024-10-02 09:51:31,019 - INFO - Processed Article: Budget 2024: Is the new income tax regime beneficial for all salaried taxpayers? from hindustantimes.com
2024-10-02 09:51:31,402 - INFO - Processed Article: Union Budget 2024: Top 5 takeaways for salaried persons, job seekers from hindustantimes.com
2024-10-02 09:51:31,893 - INFO - Processed Article: Union Budget 2024 reforms of the new tax regime may reduce tax burden and allow option to choose again from hindustantimes.com
2024-10-02 09:51:32,368 - INFO - Processed Article: Union Budget 2024-25: Coalition Economix from hindustantimes.com
2024-10-02 09:51:32,904 - INFO - Processed Article: Budget 2024: These are the winners and losers of ‚Äòvulnerable‚Äô stock market from hindustantimes.com
2024-10-02 09:51:33,273 - INFO - Processed Article: New pension scheme for minors introduced in Union Budget 2024: Details and how to apply from hindustantimes.com
2024-10-02 09:51:33,762 - INFO - Processed Article: Budget 2024: 'Bhu-Aadhaar' for all rural lands, reforms to digitise land records from hindustantimes.com
2024-10-02 09:51:34,242 - INFO - Processed Article: After ‚Äòspecial status‚Äô snub, Centre's infrastructure bonanza for Bihar in Union Budget 2024 from hindustantimes.com
2024-10-02 09:51:34,651 - INFO - Processed Article: Union Budget 2024: Where does Centre spend the most money? from hindustantimes.com
2024-10-02 09:51:35,145 - INFO - Processed Article: ‚ÄòBribing allies in Bihar and Andhra, anti-federal‚Äô: TMC leader Sagarika Ghose on Union Budget 2024 from hindustantimes.com
2024-10-02 09:51:35,576 - INFO - Processed Article: India defence budget 2024: ‚Çπ6.21 lakh crore allocated; minister Rajnath Singh reacts from hindustantimes.com
2024-10-02 09:51:36,027 - INFO - Processed Article: Budget 2024‚Äôs botched borrowing of ideas leaves India without the impetus it needs from hindustantimes.com
2024-10-02 09:51:36,361 - INFO - Processed Article: Education Budget 2024 Live Updates: Internship for 1 cr youth in 500 top firms from hindustantimes.com
2024-10-02 09:51:36,778 - INFO - Processed Article: Budget 2024: Doctors welcome decision to exempt 3 cancer drugs from customs duty from hindustantimes.com
2024-10-02 09:51:37,183 - INFO - Processed Article: ‚ÄòAgainst the people of Karnataka‚Äô: DK Shivakumar slams Nirmala Sitharaman's Union Budget 2024 from hindustantimes.com
2024-10-02 09:51:37,777 - INFO - Processed Article: What Budget 2024 has for Bihar and Andhra Pradesh from hindustantimes.com
2024-10-02 09:51:38,235 - INFO - Processed Article: Union Budget 2024 provides blueprint for a self-reliant, developed India: U.P. CM Yogi from hindustantimes.com
2024-10-02 09:51:38,659 - INFO - Processed Article: Income Tax Budget Highlights: Govt proposes tax cuts, more standard deduction from hindustantimes.com
2024-10-02 09:51:39,102 - INFO - Processed Article: Budget 2024: FM Nirmala Sitharaman proposes simpler tax regime to boost cruise ship industry from hindustantimes.com
2024-10-02 09:51:39,543 - INFO - Processed Article: Budget 2024: Standard deduction raised to Rs. 75,000 under new tax regime. How will it benefit salaried class? from hindustantimes.com
2024-10-02 09:51:40,081 - INFO - Processed Article: Budget 2024: Mobile Phones, Chargers To Get Cheaper Or Costlier? Watch FM Nirmala's Announcement from hindustantimes.com
2024-10-02 09:51:40,558 - INFO - Processed Article: Budget 2024: BSNL gets lion's share of ‚Çπ1.28 lakh crore for telecom sector from hindustantimes.com
2024-10-02 09:51:41,028 - INFO - Processed Article: Budget 2024: Investors welcome move to scrap controversial Angel tax on startups from hindustantimes.com
2024-10-02 09:51:41,459 - INFO - Processed Article: Budget 2024: Rent has to be declared under 'income from house property' tax head from hindustantimes.com
2024-10-02 09:51:41,817 - INFO - Processed Article: 9 priorities of Union Budget 2024: Energy security to next-gen reforms from hindustantimes.com
2024-10-02 09:51:42,278 - INFO - Processed Article: ‚ÄòFM holds up an umbrella for all‚Äô: Harsh Goenka on ‚Äòdetailed, well-researched‚Äô Budget 2024 from hindustantimes.com
2024-10-02 09:51:42,742 - INFO - Processed Article: Zerodha's Nithin Kamath reacts on Budget 2024: ‚ÄòMay cool down stock markets‚Äô from hindustantimes.com
2024-10-02 09:51:43,203 - INFO - Processed Article: Shaadi.com's Anupam Mittal praises Budget 2024 but says ‚Äòye dil maange more‚Äô from hindustantimes.com
2024-10-02 09:51:43,762 - INFO - Processed Article: Budget 2024 Highlights: FM disappoints investors, rewards (some) taxpayers from hindustantimes.com
2024-10-02 09:51:44,254 - INFO - Processed Article: Union Budget 2024: 7 key figures to gauge Indian economy's health under Sitharaman from hindustantimes.com
2024-10-02 09:51:44,745 - INFO - Processed Article: Was Union Budget 2024 Nirmala Sitharaman's shortest speech? Which was the longest? from hindustantimes.com
2024-10-02 09:51:45,218 - INFO - Processed Article: Afternoon briefing: New tax regime slabs revised in Budget 2024; IIT Delhi's submission to SC in NEET row; and more from hindustantimes.com
2024-10-02 09:51:45,608 - INFO - Processed Article: Union Budget 2024: Nirmala Sitharaman's sarees on Budget days from hindustantimes.com
2024-10-02 09:51:46,020 - INFO - Processed Article: Budget 2024: PM Modi's Message To 'Neo Middle Class' After Tax, Jobs Announcements By FM Nirmala from hindustantimes.com
2024-10-02 09:51:46,425 - INFO - Processed Article: Budget 2024: Three new EPFO schemes to boost fresh employment in manufacturing sector from hindustantimes.com
2024-10-02 09:51:47,325 - INFO - Processed Article: Budget 2024: PM's internship scheme explained; know eligibility, monthly wage from hindustantimes.com
2024-10-02 09:51:47,776 - INFO - Processed Article: Budget 2024: Gold investments draw 12.5% long term capital gains tax instead of 20% with indexation from hindustantimes.com
2024-10-02 09:51:48,226 - INFO - Processed Article: Budget 2024: Centre allocates ‚Çπ6.22 lakh crore for defence in ‚ÄòAtmanirbhar‚Äô push from hindustantimes.com
2024-10-02 09:51:49,001 - INFO - Processed Article: Union Budget 2024 promises a paid internship scheme for the youth: What is it all about? from hindustantimes.com
2024-10-02 09:51:49,467 - INFO - Processed Article: Nirmala Sitharaman's Budget 2024 look is a handloom saree in a blend of beige and magenta from hindustantimes.com
2024-10-02 09:51:49,921 - INFO - Processed Article: What does Union Budget 2024, presented by Nirmala Sitharaman, mean for consumers, job seekers? 10 points from hindustantimes.com
2024-10-02 09:51:50,653 - INFO - Processed Article: ‚ÄòCopied ideas of Rahul Gandhi‚Äô: INDIA bloc on Nirmala Sitharaman's Budget 2024 announcements from hindustantimes.com
2024-10-02 09:51:51,133 - INFO - Processed Article: Union Budget 2024: 6 new changes to income tax that the new budget may bring from hindustantimes.com
2024-10-02 09:51:51,555 - INFO - Processed Article: Infrastructure boost, employment, market stability: What Edelweiss MF‚Äôs Radhika Gupta wants from Union Budget 2024 from hindustantimes.com
2024-10-02 09:51:52,036 - INFO - Processed Article: Financial Budget 2024: Will Nirmala Sitharaman bring relief to taxpayers? from hindustantimes.com
2024-10-02 09:51:52,736 - INFO - Processed Article: Budget 2024 Expectations Live Updates: Will Sitharaman bring changes in tax slabs? from hindustantimes.com
2024-10-02 09:51:53,521 - INFO - Processed Article: Union Budget 2024: How will the stock market react to capital gains tax changes in the budget? from hindustantimes.com
2024-10-02 09:51:53,967 - INFO - Processed Article: Budget Speech Time: When will FM Nirmala Sitharaman present the Budget? Date, time, where to watch live from hindustantimes.com
2024-10-02 09:51:54,246 - INFO - Processed Article: Union Budget 2024: These mutual fund investors will benefit if Section 80C limit is increased from hindustantimes.com
2024-10-02 09:51:54,812 - INFO - Processed Article: Education Budget 2024 Live: FM Sitharaman to present 2024-25 Union Budget today from hindustantimes.com
2024-10-02 09:51:54,933 - INFO - Processed Article: Union Budget 2024: GDP, Inflation, fiscal deficit, more in numbers from hindustantimes.com
2024-10-02 09:51:55,264 - INFO - Processed Article: Budget 2024 Expectations LIVE Updates: Will Modi 3.0's first budget bring change in tax slabs? from hindustantimes.com
2024-10-02 09:51:55,728 - INFO - Processed Article: Sanjay Singh's prediction for Union Budget 2024: ‚ÄòDelhi will not‚Ä¶‚Äô from hindustantimes.com
2024-10-02 09:51:56,198 - INFO - Processed Article: Budget 2024 Expectations Live Updates: Nirmala Sitharaman to bring major changes in tax slabs? from hindustantimes.com
2024-10-02 09:51:56,845 - INFO - Processed Article: Budget 2024 Expectations: Will Nirmala Sitharaman announce tax relief? from hindustantimes.com
2024-10-02 09:51:57,584 - INFO - Processed Article: Budget 2024: Key facts that you must know ahead of Nirmala Sitharaman's speech from hindustantimes.com
2024-10-02 09:51:58,481 - INFO - Processed Article: Budget 2024 Expectations Highlights: Nirmala Sitharaman may bring tax changes from hindustantimes.com
2024-10-02 09:51:59,142 - INFO - Processed Article: Railway Budget 2024: When is it? What to expect? All your questions answered from hindustantimes.com
2024-10-02 09:51:59,942 - INFO - Processed Article: Budget 2024: These stocks and sectors may gain from Nirmala Sitharaman's announcements from hindustantimes.com
2024-10-02 09:52:00,368 - INFO - Processed Article: Jefferies' Chris Wood on Budget 2024: India should have no capital gains tax from hindustantimes.com
2024-10-02 09:52:00,791 - INFO - Processed Article: Budget 2024: Taxpayers, you can expect these 6 income tax benefits on July 23 from hindustantimes.com
2024-10-02 09:52:01,254 - INFO - Processed Article: Confused where to invest? Stock market may like Budget 2024 if Nirmala Sitharaman focuses on these themes from hindustantimes.com
2024-10-02 09:52:01,633 - INFO - Processed Article: Budget 2024: Will Nirmala Sitharaman bring cheer to middle-class with income tax changes? from hindustantimes.com
2024-10-02 09:52:01,874 - INFO - Processed Article: Budget 2024 Expectations: Income tax relief likely for salaried employees? from hindustantimes.com
2024-10-02 09:52:02,625 - INFO - Processed Article: Budget 2024 expectations: Tax cuts, integration with SEZs among top demands of co-working and co-living players from hindustantimes.com
2024-10-02 09:52:03,080 - INFO - Processed Article: Budget 2024 Expectations: Will Nirmala Sitharaman provide income tax relief from hindustantimes.com
2024-10-02 09:52:03,474 - INFO - Processed Article: Budget 2024: Will Nirmala Sitharaman announce 8th Pay Commission for central government employees from hindustantimes.com
2024-10-02 09:52:04,183 - INFO - Processed Article: Union Budget 2024: Nirmala Sitharaman participates in 'halwa' ceremony held at North Block from hindustantimes.com
2024-10-02 09:52:04,907 - INFO - Processed Article: Union Budget 2024: Focus on citizen welfare and manufacturing, says former World Bank chief economist from hindustantimes.com
2024-10-02 09:52:05,363 - INFO - Processed Article: Union Budget 2024: Medical insurance and retirement benefits for gig workers possible from hindustantimes.com
2024-10-02 09:52:05,790 - INFO - Processed Article: Union Budget 2024: Overseas credit card spending above ‚Çπ7 lakh may be taxed 20% from hindustantimes.com
2024-10-02 09:52:06,247 - INFO - Processed Article: Union Budget 2024: EV industry seeks incentives and tax rationalisation from hindustantimes.com
2024-10-02 09:52:07,002 - INFO - Processed Article: Union Budget 2024: Government may push for increased privatisation of PSU banks from hindustantimes.com
2024-10-02 09:52:07,601 - INFO - Processed Article: PM Modi holds key meet with top economists ahead of Budget 2024 from hindustantimes.com
2024-10-02 09:52:07,852 - INFO - Processed Article: Union Budget 2024: Expectations for Education Sector from hindustantimes.com
2024-10-02 09:52:08,387 - INFO - Processed Article: Union Budget 2024: Will centre meet rising demands of the education sector? Here‚Äôs what experts expect in Budget 2024 from hindustantimes.com
2024-10-02 09:52:08,859 - INFO - Processed Article: Union Budget 2024: How stock markets are likely to react before and after Budget from hindustantimes.com
2024-10-02 09:52:09,330 - INFO - Processed Article: Union Budget 2024: Will Nirmala Sitharaman bring income tax relief for middle class? from hindustantimes.com
2024-10-02 09:52:09,978 - INFO - Processed Article: Union Budget 2024: Longest and shortest budget speeches presented in Parliament from hindustantimes.com
2024-10-02 09:52:10,434 - INFO - Processed Article: Union Budget 2024: Why Budget presentation time was changed to 11am from 5pm? from hindustantimes.com
2024-10-02 09:52:10,890 - INFO - Processed Article: Your Union Budget 2024 cheatsheet: Direct, indirect taxes and what you must look for from hindustantimes.com
2024-10-02 09:52:11,291 - INFO - Processed Article: Union Budget 2024: Your quick guide to the document and why it is being presented in July this year from hindustantimes.com
2024-10-02 09:52:11,762 - INFO - Processed Article: Budget 2024: Why you must pay attention to fiscal deficit in Nirmala Sitharaman's speech from hindustantimes.com
2024-10-02 09:52:12,050 - INFO - Processed Article: Union Budget 2024: Announcement date, time, more from hindustantimes.com
2024-10-02 09:52:12,434 - INFO - Processed Article: Budget 2024: These are 7 demands by government employees' union for Centre from hindustantimes.com
2024-10-02 09:52:12,899 - INFO - Processed Article: Budget 2024: Ayushman Bharat coverage could be doubled, insurance limits may be increased from hindustantimes.com
2024-10-02 09:52:13,368 - INFO - Processed Article: Jobs, rural India likely to be focus of union budget 2024: Goldman Sachs from hindustantimes.com
2024-10-02 09:52:13,813 - INFO - Processed Article: Budget 2024: EV policy changes likely, already invested automakers may benefit from hindustantimes.com
2024-10-02 09:52:14,254 - INFO - Processed Article: Union Budget 2024 set to outline five-year economic agenda of Modi govt from hindustantimes.com
2024-10-02 09:52:14,726 - INFO - Processed Article: Union Budget 2024 wish list: Tax benefits for pharma, IPR, infrastructure status for hotels from hindustantimes.com
2024-10-02 09:52:15,214 - INFO - Processed Article: Union Budget 2024: Date, time and all you need to know from hindustantimes.com
2024-10-02 09:52:15,671 - INFO - Processed Article: Indian pharma companies hope to get incentives for innovation: Union Budget 2024 from hindustantimes.com
2024-10-02 09:52:16,126 - INFO - Processed Article: Paytm founder Vijay Shekhar Sharma talks about Paytm issues, expectations from union budget 2024 from hindustantimes.com
2024-10-02 09:52:16,566 - INFO - Processed Article: Budget 2024: How stock markets behaved before and after Budgets since 2000 from hindustantimes.com
2024-10-02 09:52:17,024 - INFO - Processed Article: Budget 2024: Why Nirmala Sitharaman will present Budget in July this year from hindustantimes.com
2024-10-02 09:52:17,480 - INFO - Processed Article: President Murmu says Centre to announce historic steps in Union Budget 2024 from hindustantimes.com
2024-10-02 09:52:17,922 - INFO - Processed Article: Budget 2024: New labour welfare and employment index planned, ease of doing business in focus from hindustantimes.com
2024-10-02 09:52:18,410 - INFO - Processed Article: Budget 2024: Govt may decriminalise over 100 provisions for ease of doing business: Report from hindustantimes.com
2024-10-02 09:52:18,787 - INFO - Processed Article: Budget 2024 Highlights: Nirmala Sitharaman chairs several pre-budget meets from hindustantimes.com
2024-10-02 09:52:19,213 - INFO - Processed Article: Budget 2024 highlights: FM Nirmala Sitharaman to table Budget on July 22? from hindustantimes.com
2024-10-02 09:52:19,670 - INFO - Processed Article: Nirmala Sitharaman chairs first pre-Budget consultation meet ahead of Budget 2024-25 from hindustantimes.com
2024-10-02 09:52:20,093 - INFO - Processed Article: Nirmala Sitharaman likely to present Union Budget 2024-25 in July end, pre-budget meet on June 20 from hindustantimes.com
2024-10-02 09:52:20,535 - INFO - Processed Article: When will Nirmala Sitharaman present Union Budget 2024? Expected dates from hindustantimes.com
2024-10-02 09:52:21,101 - INFO - Processed Article: Interim Budget 2024: Real estate developers welcome announcement on housing scheme for middle class from hindustantimes.com
2024-10-02 09:52:21,590 - INFO - Processed Article: Budget 2024: Research & innovation corpus needs clarity of modalities involved from hindustantimes.com
2024-10-02 09:52:22,188 - INFO - Processed Article: From ‚Äòinnovative‚Äô to ‚Äòhollow‚Äô, who said what about Budget 2024 from hindustantimes.com
2024-10-02 09:52:22,440 - INFO - Processed Article: Union Budget 2024: Taxation, schemes, other highlights from hindustantimes.com
2024-10-02 09:52:22,755 - INFO - Processed Article: Interim Budget 2024: Biggest allocation for defence, lowest for agriculture from hindustantimes.com
2024-10-02 09:52:23,123 - INFO - Processed Article: Income Tax Budget Highlights: Salaried class 'disappointed,' says this expert from hindustantimes.com
2024-10-02 09:52:23,588 - INFO - Processed Article: Interim Budget 2024: What is it and how is it prepared? from hindustantimes.com
2024-10-02 09:52:24,140 - INFO - Processed Article: Budget 2024 Highlights: President's address tabled in joint Parliament session from hindustantimes.com
2024-10-02 09:52:24,519 - INFO - Processed Article: Budget 2024: Nirmala Sitharaman's announcements for middle class in 2023 from hindustantimes.com
2024-10-02 09:52:24,661 - INFO - Processed Article: Union Budget 2024: 7 key faces in 'team budget' from hindustantimes.com
2024-10-02 09:52:24,991 - INFO - Processed Article: Budget 2024: ‚ÄòBahi khata‚Äô to paperless, a look at the evolution of budget from hindustantimes.com
2024-10-02 09:52:25,450 - INFO - Processed Article: Budget 2024: Who holds longest budget speech record? 12 interesting facts from hindustantimes.com
2024-10-02 09:52:25,764 - INFO - Processed Article: Union Budget 2024: How do we move forward on PVTGs? from hindustantimes.com
2024-10-02 09:52:26,081 - INFO - Processed Article: Budget 2024: Old vs new tax regime, which is better for salaried employees? from hindustantimes.com
2024-10-02 09:52:26,473 - INFO - Processed Article: Railway Budget 2024: All you need to know about the budget from hindustantimes.com
2024-10-02 09:52:26,900 - INFO - Processed Article: Budget 2024: Modi govt's big announcements in defence in past 10 years from hindustantimes.com
2024-10-02 09:52:27,356 - INFO - Processed Article: Union Budget 2024: Empowering unorganised workers from hindustantimes.com
2024-10-02 09:52:27,795 - INFO - Processed Article: Budget 2024: Karnataka CM Siddaramaiah seeks AIIMS at Raichur from hindustantimes.com
2024-10-02 09:52:28,315 - INFO - Processed Article: Union Budget 2024: Why Economic Survey won't be presented on January 31 this year from hindustantimes.com
2024-10-02 09:52:28,693 - INFO - Processed Article: Budget 2024: Centre may hike PM Kisan payout to ‚Çπ9000, says report from hindustantimes.com
2024-10-02 09:52:29,040 - INFO - Processed Article: Budget 2024 Highlights: Government convenes all-party meeting on Jan 30 from hindustantimes.com
2024-10-02 09:52:29,451 - INFO - Processed Article: Budget 2024 news: ‚Çπ20k cr to be allocated to PM Suryoday Yojana, says report from hindustantimes.com
2024-10-02 09:52:29,798 - INFO - Processed Article: Budget 2024: What women entrepreneurs expect from FM Nirmala Sitharaman? from hindustantimes.com
2024-10-02 09:52:30,175 - INFO - Processed Article: Budget 2024 Highlights: What do business leaders expect from FM Sitharaman? from hindustantimes.com
2024-10-02 09:52:30,474 - INFO - Processed Article: Budget 2024 Highlights: After Morarji Desai, Sitharaman only 2nd FM to present budget 6 times in a row from hindustantimes.com
2024-10-02 09:52:30,820 - INFO - Processed Article: Budget 2024 highlight: What salaried class expects from FM Sitharaman? from hindustantimes.com
2024-10-02 09:52:31,424 - INFO - Processed Article: Budget 2024: Here's what stakeholders expect for higher education in India from hindustantimes.com
2024-10-02 09:52:31,945 - INFO - Processed Article: Budget 2024 expectations: Stakeholders pin hopes for Edtech and AI integration from hindustantimes.com
2024-10-02 09:52:32,369 - INFO - Processed Article: Explainer: Why Union Budget 2024 will not be a full-fledged one from hindustantimes.com
2024-10-02 09:52:32,794 - INFO - Processed Article: Railway stocks rise 7% ahead of Union Budget 2024; IRFC, Ircon top gainers from hindustantimes.com
2024-10-02 09:52:33,139 - INFO - Processed Article: Budget 2024 Highlights: CII urges for new ‚ÄòInvestment Ministry‚Äô amid rising Indian investors from hindustantimes.com
2024-10-02 09:52:33,596 - INFO - Processed Article: Budget 2024: Real estate sector's wish list includes changes in definition of affordable housing from hindustantimes.com
2024-10-02 09:52:34,154 - INFO - Processed Article: Budget 2024 Highlights: Experts see lower fiscal deficit, focus still on capex from hindustantimes.com
2024-10-02 09:52:34,610 - INFO - Processed Article: Centre to lower fiscal deficit despite capex boost in Budget 2024: Survey from hindustantimes.com
2024-10-02 09:52:34,958 - INFO - Processed Article: Budget 2024: What is ‚ÄòHalwa Ceremony‚Äô, conducted ahead of Budget presentation? from hindustantimes.com
2024-10-02 09:52:35,356 - INFO - Processed Article: Budget 2024: Industry body seeks tax holiday on standalone battery energy storage from hindustantimes.com
2024-10-02 09:52:35,809 - INFO - Processed Article: Union Budget 2024: Centre may revise tax exemption in Old Tax Regime, says report from hindustantimes.com
2024-10-02 09:52:36,235 - INFO - Processed Article: Railway budget 2024 to rise 25% to hit record levels from hindustantimes.com
2024-10-02 09:52:36,675 - INFO - Processed Article: Union Budget 2024 to focus on 5 key social sections from hindustantimes.com
2024-10-02 09:52:37,133 - INFO - Processed Article: Union Budget 2024: Centre likely to give report on National Pension Scheme on February 1 from hindustantimes.com
2024-10-02 09:52:37,543 - INFO - Processed Article: Union Budget 2024: Income tax rebate unlikely to rise in interim budget, says report from hindustantimes.com
2024-10-02 09:52:38,064 - INFO - Processed Article: Budget 2024: What are direct taxes? Types and significance from hindustantimes.com
2024-10-02 09:52:38,250 - INFO - Processed Article: Union Budget 2024: 7 key terms to understand budget from hindustantimes.com
2024-10-02 09:52:38,754 - INFO - Processed Article: Budget 2024: Here are the most common FAQs on Union Budget from hindustantimes.com
2024-10-02 09:52:39,118 - INFO - Processed Article: Union Budget 2024: 7 key terms to understand before Budget session from hindustantimes.com
2024-10-02 09:52:39,559 - INFO - Processed Article: Union budget 2024: From where does Centre get money for expenditure? from hindustantimes.com
2024-10-02 09:52:39,890 - INFO - Processed Article: Budget 2024: How Union budget is prepared? Explained in 7 points from hindustantimes.com
2024-10-02 09:52:40,395 - INFO - Processed Article: Budget 2024: Sitharaman to present interim budget on Feb 1. Explained from hindustantimes.com
2024-10-02 09:52:40,852 - INFO - Processed Article: Budget 2024: 10 things to know about Modi government's 'interim budget' from hindustantimes.com
2024-10-02 09:52:40,852 - INFO - Processing complete. Results saved in 'processed_media_data_hindustantimes.csv'
2024-10-02 09:52:40,852 - INFO - Processing complete. Results saved in 'processed_media_data_economictimes.csv'
